<?xml version="1.0" encoding="UTF-8"?>
<testsuites name="FAQ Management" time="87.787" tests="1" failures="0" errors="1">
   <testsuite name="FAQ Management" tests="1" failures="0" errors="1" time="87.787" timestamp="2020-05-29 14:04:08" hostname="rizkajuliant20 - DESKTOP-NHES7H6" id="Test Suites/Rizka/FAQ Management">
      <properties>
         <property name="deviceName" value=""/>
         <property name="devicePlatform" value=""/>
         <property name="logFolder" value="D:\\MY WORLD\\WORKS (TUGAS)\\HunterCMSNew\\Reports\\20200529_140357\\Rizka\\FAQ Management\\20200529_140357"/>
         <property name="logFiles" value="D:\\MY WORLD\\WORKS (TUGAS)\\HunterCMSNew\\Reports\\20200529_140357\\Rizka\\FAQ Management\\20200529_140357\\execution0.log"/>
         <property name="attachments" value=""/>
         <property name="hostName" value="rizkajuliant20 - DESKTOP-NHES7H6"/>
         <property name="os" value="Windows 10 64bit"/>
         <property name="katalonVersion" value="7.2.1.1"/>
         <property name="browser" value="Chrome 83.0.4103.61"/>
         <property name="hostAddress" value="192.168.43.107"/>
         <property name="sessionId" value="36427c0d48d5296389fa81dd966d9ad2"/>
         <property name="seleniumVersion" value="3.141.59"/>
         <property name="proxyInformation" value="ProxyInformation{proxyOption=NO_PROXY, proxyServerType=HTTP, password=, proxyServerAddress=, proxyServerPort=0, executionList=}"/>
         <property name="platform" value="Windows 10"/>
      </properties>
      <testcase name="Test Cases/Rizka/FAQ Management/FAQ Management - Edit FAQ" time="85.04" classname="Test Cases/Rizka/FAQ Management/FAQ Management - Edit FAQ" status="ERROR">
         <error type="ERROR" message="Test Cases/Rizka/FAQ Management/FAQ Management - Edit FAQ FAILED.
Reason:
groovy.lang.MissingPropertyException: No such property: inputEditAns for class: Script1590684886450
	at FAQ Management - Edit FAQ.run(FAQ Management - Edit FAQ:85)
	at com.kms.katalon.core.main.ScriptEngine.run(ScriptEngine.java:194)
	at com.kms.katalon.core.main.ScriptEngine.runScriptAsRawText(ScriptEngine.java:119)
	at com.kms.katalon.core.main.TestCaseExecutor.runScript(TestCaseExecutor.java:337)
	at com.kms.katalon.core.main.TestCaseExecutor.doExecute(TestCaseExecutor.java:328)
	at com.kms.katalon.core.main.TestCaseExecutor.processExecutionPhase(TestCaseExecutor.java:307)
	at com.kms.katalon.core.main.TestCaseExecutor.accessMainPhase(TestCaseExecutor.java:299)
	at com.kms.katalon.core.main.TestCaseExecutor.execute(TestCaseExecutor.java:233)
	at com.kms.katalon.core.main.TestSuiteExecutor.accessTestCaseMainPhase(TestSuiteExecutor.java:169)
	at com.kms.katalon.core.main.TestSuiteExecutor.accessTestSuiteMainPhase(TestSuiteExecutor.java:142)
	at com.kms.katalon.core.main.TestSuiteExecutor.execute(TestSuiteExecutor.java:91)
	at com.kms.katalon.core.main.TestCaseMain.startTestSuite(TestCaseMain.java:157)
	at com.kms.katalon.core.main.TestCaseMain$startTestSuite$0.call(Unknown Source)
	at TempTestSuite1590735837590.run(TempTestSuite1590735837590.groovy:36)
"/>
         <system-out><![CDATA[2020-05-29 14:04:09 - [TEST_CASE][ERROR] - Test Cases/Rizka/FAQ Management/FAQ Management - Edit FAQ: Test Cases/Rizka/FAQ Management/FAQ Management - Edit FAQ FAILED.
Reason:
groovy.lang.MissingPropertyException: No such property: inputEditAns for class: Script1590684886450
	at FAQ Management - Edit FAQ.run(FAQ Management - Edit FAQ:85)
	at com.kms.katalon.core.main.ScriptEngine.run(ScriptEngine.java:194)
	at com.kms.katalon.core.main.ScriptEngine.runScriptAsRawText(ScriptEngine.java:119)
	at com.kms.katalon.core.main.TestCaseExecutor.runScript(TestCaseExecutor.java:337)
	at com.kms.katalon.core.main.TestCaseExecutor.doExecute(TestCaseExecutor.java:328)
	at com.kms.katalon.core.main.TestCaseExecutor.processExecutionPhase(TestCaseExecutor.java:307)
	at com.kms.katalon.core.main.TestCaseExecutor.accessMainPhase(TestCaseExecutor.java:299)
	at com.kms.katalon.core.main.TestCaseExecutor.execute(TestCaseExecutor.java:233)
	at com.kms.katalon.core.main.TestSuiteExecutor.accessTestCaseMainPhase(TestSuiteExecutor.java:169)
	at com.kms.katalon.core.main.TestSuiteExecutor.accessTestSuiteMainPhase(TestSuiteExecutor.java:142)
	at com.kms.katalon.core.main.TestSuiteExecutor.execute(TestSuiteExecutor.java:91)
	at com.kms.katalon.core.main.TestCaseMain.startTestSuite(TestCaseMain.java:157)
	at com.kms.katalon.core.main.TestCaseMain$startTestSuite$0.call(Unknown Source)
	at TempTestSuite1590735837590.run(TempTestSuite1590735837590.groovy:36)


2020-05-29 14:04:10 - [TEST_STEP][PASSED] - callTestCase(findTestCase("Rizka/MainLogin"), [:], STOP_ON_FAILURE): Call Test Case 'Test Cases/Rizka/MainLogin' successfully

2020-05-29 14:04:11 - [TEST_CASE][PASSED] - Test Cases/Rizka/MainLogin: Test Cases/Rizka/MainLogin

2020-05-29 14:04:11 - [TEST_STEP][PASSED] - openBrowser("https://appsrv1.deltadatamandiri.com/ACC_Hunter_Web/#/S19n1n"): Browser is opened with url: 'https://appsrv1.deltadatamandiri.com/ACC_Hunter_Web/#/S19n1n'

2020-05-29 14:04:12 - [MESSAGE][INFO] - Starting 'Chrome' driver

2020-05-29 14:04:12 - [MESSAGE][INFO] - Action delay is set to 0 seconds

2020-05-29 14:04:30 - [MESSAGE][PASSED] - Browser is opened with url: 'https://appsrv1.deltadatamandiri.com/ACC_Hunter_Web/#/S19n1n'

2020-05-29 14:04:30 - [TEST_STEP][PASSED] - maximizeWindow(): Current window maximized

2020-05-29 14:04:31 - [MESSAGE][PASSED] - Current window maximized

2020-05-29 14:04:31 - [TEST_STEP][PASSED] - delay(15): Delayed 15 second(s)

2020-05-29 14:04:46 - [MESSAGE][PASSED] - Delayed 15 second(s)

2020-05-29 14:04:46 - [TEST_STEP][PASSED] - setText(findTestObject("Rizka/FAQ Management/inputUsername"), "admin@mail.com"): Text 'admin@mail.com' is set on object 'Object Repository/Rizka/FAQ Management/inputUsername'

2020-05-29 14:04:47 - [MESSAGE][PASSED] - Text 'admin@mail.com' is set on object 'Object Repository/Rizka/FAQ Management/inputUsername'

2020-05-29 14:04:47 - [TEST_STEP][PASSED] - setText(findTestObject("Rizka/FAQ Management/inputPassword"), "Password1#"): Text 'Password1#' is set on object 'Object Repository/Rizka/FAQ Management/inputPassword'

2020-05-29 14:04:48 - [MESSAGE][PASSED] - Text 'Password1#' is set on object 'Object Repository/Rizka/FAQ Management/inputPassword'

2020-05-29 14:04:48 - [TEST_STEP][PASSED] - click(findTestObject("Rizka/FAQ Management/btnEyePass")): Object: 'Object Repository/Rizka/FAQ Management/btnEyePass' is clicked on

2020-05-29 14:04:48 - [MESSAGE][PASSED] - Object: 'Object Repository/Rizka/FAQ Management/btnEyePass' is clicked on

2020-05-29 14:04:48 - [TEST_STEP][PASSED] - click(findTestObject("Rizka/FAQ Management/btnSignIn")): Object: 'Object Repository/Rizka/FAQ Management/btnSignIn' is clicked on

2020-05-29 14:04:49 - [MESSAGE][PASSED] - Object: 'Object Repository/Rizka/FAQ Management/btnSignIn' is clicked on

2020-05-29 14:04:49 - [TEST_STEP][PASSED] - delay(10): Delayed 10 second(s)

2020-05-29 14:04:59 - [MESSAGE][PASSED] - Delayed 10 second(s)

2020-05-29 14:04:59 - [MESSAGE][PASSED] - Call Test Case 'Test Cases/Rizka/MainLogin' successfully

2020-05-29 14:04:59 - [TEST_STEP][PASSED] - click(findTestObject("Rizka/FAQ Management/btnFAQManagement")): Object: 'Object Repository/Rizka/FAQ Management/btnFAQManagement' is clicked on

2020-05-29 14:05:02 - [MESSAGE][PASSED] - Object: 'Object Repository/Rizka/FAQ Management/btnFAQManagement' is clicked on

2020-05-29 14:05:02 - [TEST_STEP][PASSED] - delay(7): Delayed 7 second(s)

2020-05-29 14:05:09 - [MESSAGE][PASSED] - Delayed 7 second(s)

2020-05-29 14:05:09 - [TEST_STEP][PASSED] - setText(findTestObject("Rizka/FAQ Management/inputSearchFAQ"), questionBefore): Text 'Apa itu informan?' is set on object 'Object Repository/Rizka/FAQ Management/inputSearchFAQ'

2020-05-29 14:05:10 - [MESSAGE][PASSED] - Text 'Apa itu informan?' is set on object 'Object Repository/Rizka/FAQ Management/inputSearchFAQ'

2020-05-29 14:05:10 - [TEST_STEP][PASSED] - sendKeys(findTestObject("Rizka/FAQ Management/inputSearchFAQ"), Keys.chord(ENTER)): Keys 'ENTER + ' sent to object: 'Object Repository/Rizka/FAQ Management/inputSearchFAQ'

2020-05-29 14:05:10 - [MESSAGE][PASSED] - Keys 'ENTER + ' sent to object: 'Object Repository/Rizka/FAQ Management/inputSearchFAQ'

2020-05-29 14:05:10 - [TEST_STEP][PASSED] - delay(7): Delayed 7 second(s)

2020-05-29 14:05:17 - [MESSAGE][PASSED] - Delayed 7 second(s)

2020-05-29 14:05:17 - [TEST_STEP][PASSED] - click(findTestObject("Rizka/FAQ Management/btnSettings")): Object: 'Object Repository/Rizka/FAQ Management/btnSettings' is clicked on

2020-05-29 14:05:18 - [MESSAGE][PASSED] - Object: 'Object Repository/Rizka/FAQ Management/btnSettings' is clicked on

2020-05-29 14:05:18 - [TEST_STEP][PASSED] - click(findTestObject("Rizka/FAQ Management/btnEdit")): Object: 'Object Repository/Rizka/FAQ Management/btnEdit' is clicked on

2020-05-29 14:05:18 - [MESSAGE][PASSED] - Object: 'Object Repository/Rizka/FAQ Management/btnEdit' is clicked on

2020-05-29 14:05:18 - [TEST_STEP][PASSED] - delay(3): Delayed 3 second(s)

2020-05-29 14:05:21 - [MESSAGE][PASSED] - Delayed 3 second(s)

2020-05-29 14:05:21 - [TEST_STEP][PASSED] - setText(findTestObject("Rizka/FAQ Management/inputEditQuestion"), questionAfter): Text 'Question Edit 2' is set on object 'Object Repository/Rizka/FAQ Management/inputEditQuestion'

2020-05-29 14:05:22 - [MESSAGE][PASSED] - Text 'Question Edit 2' is set on object 'Object Repository/Rizka/FAQ Management/inputEditQuestion'

2020-05-29 14:05:22 - [TEST_STEP][PASSED] - setText(findTestObject("Rizka/FAQ Management/inputEditAns"), answer): Text '' is set on object 'Object Repository/Rizka/FAQ Management/inputEditAns'

2020-05-29 14:05:23 - [MESSAGE][PASSED] - Text '' is set on object 'Object Repository/Rizka/FAQ Management/inputEditAns'

2020-05-29 14:05:23 - [TEST_STEP][PASSED] - if (condition == "passed"): null

2020-05-29 14:05:23 - [TEST_STEP][PASSED] - else if (condition == "cancel"): null

2020-05-29 14:05:23 - [TEST_STEP][PASSED] - else: null

2020-05-29 14:05:23 - [TEST_STEP][PASSED] - click(findTestObject("Rizka/FAQ Management/btnSimpanEdit")): Object: 'Object Repository/Rizka/FAQ Management/btnSimpanEdit' is clicked on

2020-05-29 14:05:23 - [MESSAGE][PASSED] - Object: 'Object Repository/Rizka/FAQ Management/btnSimpanEdit' is clicked on

2020-05-29 14:05:23 - [TEST_STEP][PASSED] - delay(5): Delayed 5 second(s)

2020-05-29 14:05:28 - [MESSAGE][PASSED] - Delayed 5 second(s)

2020-05-29 14:05:28 - [TEST_STEP][PASSED] - if (questionAfter != ""): Text 'Question Edit 2' is set on object 'Object Repository/Rizka/FAQ Management/inputSearchFAQ'

2020-05-29 14:05:28 - [TEST_STEP][PASSED] - setText(findTestObject("Rizka/FAQ Management/inputSearchFAQ"), questionAfter): Text 'Question Edit 2' is set on object 'Object Repository/Rizka/FAQ Management/inputSearchFAQ'

2020-05-29 14:05:29 - [MESSAGE][PASSED] - Text 'Question Edit 2' is set on object 'Object Repository/Rizka/FAQ Management/inputSearchFAQ'

2020-05-29 14:05:29 - [TEST_STEP][PASSED] - sendKeys(findTestObject("Rizka/FAQ Management/inputSearchFAQ"), Keys.chord(ENTER)): Keys 'ENTER + ' sent to object: 'Object Repository/Rizka/FAQ Management/inputSearchFAQ'

2020-05-29 14:05:30 - [MESSAGE][PASSED] - Keys 'ENTER + ' sent to object: 'Object Repository/Rizka/FAQ Management/inputSearchFAQ'

2020-05-29 14:05:30 - [TEST_STEP][PASSED] - click(findTestObject("Rizka/FAQ Management/btnSettings")): Object: 'Object Repository/Rizka/FAQ Management/btnSettings' is clicked on

2020-05-29 14:05:32 - [MESSAGE][PASSED] - Object: 'Object Repository/Rizka/FAQ Management/btnSettings' is clicked on

2020-05-29 14:05:32 - [TEST_STEP][PASSED] - click(findTestObject("Rizka/FAQ Management/btnEdit")): Object: 'Object Repository/Rizka/FAQ Management/btnEdit' is clicked on

2020-05-29 14:05:33 - [MESSAGE][PASSED] - Object: 'Object Repository/Rizka/FAQ Management/btnEdit' is clicked on

2020-05-29 14:05:33 - [TEST_STEP][PASSED] - atribut1 = getAttribute(findTestObject("Rizka/FAQ Management/inputEditQuestion"), "value"): Attribute 'value' of object 'Object Repository/Rizka/FAQ Management/inputEditQuestion' is: 'Question Edit 2'

2020-05-29 14:05:34 - [MESSAGE][PASSED] - Attribute 'value' of object 'Object Repository/Rizka/FAQ Management/inputEditQuestion' is: 'Question Edit 2'

2020-05-29 14:05:34 - [TEST_STEP][PASSED] - atribut2 = getAttribute(findTestObject("Rizka/FAQ Management/inputEditQuestion"), "value"): Attribute 'value' of object 'Object Repository/Rizka/FAQ Management/inputEditQuestion' is: 'Question Edit 2'

2020-05-29 14:05:34 - [MESSAGE][PASSED] - Attribute 'value' of object 'Object Repository/Rizka/FAQ Management/inputEditQuestion' is: 'Question Edit 2'

2020-05-29 14:05:34 - [TEST_STEP][PASSED] - if (questionAfter == ""): null

2020-05-29 14:05:34 - [TEST_STEP][PASSED] - else: Actual text 'Question Edit 2' and expected text 'Question Edit 2' are matched 

2020-05-29 14:05:34 - [TEST_STEP][PASSED] - verifyMatch(atribut1, questionAfter, false): Actual text 'Question Edit 2' and expected text 'Question Edit 2' are matched 

2020-05-29 14:05:34 - [MESSAGE][PASSED] - Actual text 'Question Edit 2' and expected text 'Question Edit 2' are matched 

2020-05-29 14:05:34 - [TEST_STEP][PASSED] - if (answer == ""): null

2020-05-29 14:05:34 - [TEST_STEP][PASSED] - verifyNotMatch(atribut2, inputEditAns, false): null]]></system-out>
         <system-err><![CDATA[2020-05-29 14:04:09 - [TEST_CASE][ERROR] - Test Cases/Rizka/FAQ Management/FAQ Management - Edit FAQ: Test Cases/Rizka/FAQ Management/FAQ Management - Edit FAQ FAILED.
Reason:
groovy.lang.MissingPropertyException: No such property: inputEditAns for class: Script1590684886450
	at FAQ Management - Edit FAQ.run(FAQ Management - Edit FAQ:85)
	at com.kms.katalon.core.main.ScriptEngine.run(ScriptEngine.java:194)
	at com.kms.katalon.core.main.ScriptEngine.runScriptAsRawText(ScriptEngine.java:119)
	at com.kms.katalon.core.main.TestCaseExecutor.runScript(TestCaseExecutor.java:337)
	at com.kms.katalon.core.main.TestCaseExecutor.doExecute(TestCaseExecutor.java:328)
	at com.kms.katalon.core.main.TestCaseExecutor.processExecutionPhase(TestCaseExecutor.java:307)
	at com.kms.katalon.core.main.TestCaseExecutor.accessMainPhase(TestCaseExecutor.java:299)
	at com.kms.katalon.core.main.TestCaseExecutor.execute(TestCaseExecutor.java:233)
	at com.kms.katalon.core.main.TestSuiteExecutor.accessTestCaseMainPhase(TestSuiteExecutor.java:169)
	at com.kms.katalon.core.main.TestSuiteExecutor.accessTestSuiteMainPhase(TestSuiteExecutor.java:142)
	at com.kms.katalon.core.main.TestSuiteExecutor.execute(TestSuiteExecutor.java:91)
	at com.kms.katalon.core.main.TestCaseMain.startTestSuite(TestCaseMain.java:157)
	at com.kms.katalon.core.main.TestCaseMain$startTestSuite$0.call(Unknown Source)
	at TempTestSuite1590735837590.run(TempTestSuite1590735837590.groovy:36)]]></system-err>
      </testcase>
      <system-out><![CDATA[2020-05-29 14:04:08 - [TEST_SUITE][ERROR] - FAQ Management: Test Cases/Rizka/FAQ Management/FAQ Management - Edit FAQ FAILED.
Reason:
groovy.lang.MissingPropertyException: No such property: inputEditAns for class: Script1590684886450
	at FAQ Management - Edit FAQ.run(FAQ Management - Edit FAQ:85)
	at com.kms.katalon.core.main.ScriptEngine.run(ScriptEngine.java:194)
	at com.kms.katalon.core.main.ScriptEngine.runScriptAsRawText(ScriptEngine.java:119)
	at com.kms.katalon.core.main.TestCaseExecutor.runScript(TestCaseExecutor.java:337)
	at com.kms.katalon.core.main.TestCaseExecutor.doExecute(TestCaseExecutor.java:328)
	at com.kms.katalon.core.main.TestCaseExecutor.processExecutionPhase(TestCaseExecutor.java:307)
	at com.kms.katalon.core.main.TestCaseExecutor.accessMainPhase(TestCaseExecutor.java:299)
	at com.kms.katalon.core.main.TestCaseExecutor.execute(TestCaseExecutor.java:233)
	at com.kms.katalon.core.main.TestSuiteExecutor.accessTestCaseMainPhase(TestSuiteExecutor.java:169)
	at com.kms.katalon.core.main.TestSuiteExecutor.accessTestSuiteMainPhase(TestSuiteExecutor.java:142)
	at com.kms.katalon.core.main.TestSuiteExecutor.execute(TestSuiteExecutor.java:91)
	at com.kms.katalon.core.main.TestCaseMain.startTestSuite(TestCaseMain.java:157)
	at com.kms.katalon.core.main.TestCaseMain$startTestSuite$0.call(Unknown Source)
	at TempTestSuite1590735837590.run(TempTestSuite1590735837590.groovy:36)]]></system-out>
      <system-err><![CDATA[2020-05-29 14:04:08 - [TEST_SUITE][ERROR] - FAQ Management: Test Cases/Rizka/FAQ Management/FAQ Management - Edit FAQ FAILED.
Reason:
groovy.lang.MissingPropertyException: No such property: inputEditAns for class: Script1590684886450
	at FAQ Management - Edit FAQ.run(FAQ Management - Edit FAQ:85)
	at com.kms.katalon.core.main.ScriptEngine.run(ScriptEngine.java:194)
	at com.kms.katalon.core.main.ScriptEngine.runScriptAsRawText(ScriptEngine.java:119)
	at com.kms.katalon.core.main.TestCaseExecutor.runScript(TestCaseExecutor.java:337)
	at com.kms.katalon.core.main.TestCaseExecutor.doExecute(TestCaseExecutor.java:328)
	at com.kms.katalon.core.main.TestCaseExecutor.processExecutionPhase(TestCaseExecutor.java:307)
	at com.kms.katalon.core.main.TestCaseExecutor.accessMainPhase(TestCaseExecutor.java:299)
	at com.kms.katalon.core.main.TestCaseExecutor.execute(TestCaseExecutor.java:233)
	at com.kms.katalon.core.main.TestSuiteExecutor.accessTestCaseMainPhase(TestSuiteExecutor.java:169)
	at com.kms.katalon.core.main.TestSuiteExecutor.accessTestSuiteMainPhase(TestSuiteExecutor.java:142)
	at com.kms.katalon.core.main.TestSuiteExecutor.execute(TestSuiteExecutor.java:91)
	at com.kms.katalon.core.main.TestCaseMain.startTestSuite(TestCaseMain.java:157)
	at com.kms.katalon.core.main.TestCaseMain$startTestSuite$0.call(Unknown Source)
	at TempTestSuite1590735837590.run(TempTestSuite1590735837590.groovy:36)]]></system-err>
   </testsuite>
</testsuites>
