<?xml version="1.0" encoding="UTF-8"?>
<testsuites name="FAQ Management" time="200.13" tests="2" failures="0" errors="0">
   <testsuite name="FAQ Management" tests="2" failures="0" errors="0" time="200.13" timestamp="2020-05-28 19:26:21" hostname="rizkajuliant20 - DESKTOP-NHES7H6" id="Test Suites/Rizka/FAQ Management">
      <properties>
         <property name="deviceName" value=""/>
         <property name="devicePlatform" value=""/>
         <property name="logFolder" value="D:\\MY WORLD\\WORKS (TUGAS)\\HunterCMS\\Reports\\20200528_192615\\Rizka\\FAQ Management\\20200528_192615"/>
         <property name="logFiles" value="D:\\MY WORLD\\WORKS (TUGAS)\\HunterCMS\\Reports\\20200528_192615\\Rizka\\FAQ Management\\20200528_192615\\execution0.log"/>
         <property name="attachments" value=""/>
         <property name="hostName" value="rizkajuliant20 - DESKTOP-NHES7H6"/>
         <property name="os" value="Windows 10 64bit"/>
         <property name="katalonVersion" value="7.2.1.1"/>
         <property name="browser" value="Chrome 81.0.4044.138"/>
         <property name="hostAddress" value="192.168.1.116"/>
         <property name="sessionId" value="3b2443d87c8280bd0e1b3238b2c312e9"/>
         <property name="seleniumVersion" value="3.141.59"/>
         <property name="proxyInformation" value="ProxyInformation{proxyOption=NO_PROXY, proxyServerType=HTTP, password=, proxyServerAddress=, proxyServerPort=0, executionList=}"/>
         <property name="platform" value="Windows 10"/>
      </properties>
      <testcase name="Test Cases/Rizka/FAQ Management/FAQ Management - Delete FAQ" time="111.289" classname="Test Cases/Rizka/FAQ Management/FAQ Management - Delete FAQ" status="PASSED">
         <system-out><![CDATA[2020-05-28 19:26:22 - [TEST_CASE][PASSED] - Test Cases/Rizka/FAQ Management/FAQ Management - Delete FAQ: Test Cases/Rizka/FAQ Management/FAQ Management - Delete FAQ

2020-05-28 19:26:23 - [TEST_STEP][PASSED] - callTestCase(findTestCase("Rizka/MainLogin"), [:], STOP_ON_FAILURE): Call Test Case 'Test Cases/Rizka/MainLogin' successfully

2020-05-28 19:26:23 - [TEST_CASE][PASSED] - Test Cases/Rizka/MainLogin: Test Cases/Rizka/MainLogin

2020-05-28 19:26:24 - [TEST_STEP][PASSED] - openBrowser("https://appsrv1.deltadatamandiri.com/ACC_Hunter_Web/#/S19n1n"): Browser is opened with url: 'https://appsrv1.deltadatamandiri.com/ACC_Hunter_Web/#/S19n1n'

2020-05-28 19:26:24 - [MESSAGE][INFO] - Starting 'Chrome' driver

2020-05-28 19:26:24 - [MESSAGE][INFO] - Action delay is set to 0 seconds

2020-05-28 19:27:11 - [MESSAGE][PASSED] - Browser is opened with url: 'https://appsrv1.deltadatamandiri.com/ACC_Hunter_Web/#/S19n1n'

2020-05-28 19:27:11 - [TEST_STEP][PASSED] - maximizeWindow(): Current window maximized

2020-05-28 19:27:12 - [MESSAGE][PASSED] - Current window maximized

2020-05-28 19:27:12 - [TEST_STEP][PASSED] - delay(15): Delayed 15 second(s)

2020-05-28 19:27:27 - [MESSAGE][PASSED] - Delayed 15 second(s)

2020-05-28 19:27:27 - [TEST_STEP][PASSED] - setText(findTestObject("Rizka/FAQ Management/inputUsername"), "admin@mail.com"): Text 'admin@mail.com' is set on object 'Object Repository/Rizka/FAQ Management/inputUsername'

2020-05-28 19:27:28 - [MESSAGE][PASSED] - Text 'admin@mail.com' is set on object 'Object Repository/Rizka/FAQ Management/inputUsername'

2020-05-28 19:27:28 - [TEST_STEP][PASSED] - setText(findTestObject("Rizka/FAQ Management/inputPassword"), "Password1#"): Text 'Password1#' is set on object 'Object Repository/Rizka/FAQ Management/inputPassword'

2020-05-28 19:27:29 - [MESSAGE][PASSED] - Text 'Password1#' is set on object 'Object Repository/Rizka/FAQ Management/inputPassword'

2020-05-28 19:27:29 - [TEST_STEP][PASSED] - click(findTestObject("Rizka/FAQ Management/btnEyePass")): Object: 'Object Repository/Rizka/FAQ Management/btnEyePass' is clicked on

2020-05-28 19:27:30 - [MESSAGE][PASSED] - Object: 'Object Repository/Rizka/FAQ Management/btnEyePass' is clicked on

2020-05-28 19:27:30 - [TEST_STEP][PASSED] - click(findTestObject("Rizka/FAQ Management/btnSignIn")): Object: 'Object Repository/Rizka/FAQ Management/btnSignIn' is clicked on

2020-05-28 19:27:30 - [MESSAGE][PASSED] - Object: 'Object Repository/Rizka/FAQ Management/btnSignIn' is clicked on

2020-05-28 19:27:30 - [TEST_STEP][PASSED] - delay(10): Delayed 10 second(s)

2020-05-28 19:27:40 - [MESSAGE][PASSED] - Delayed 10 second(s)

2020-05-28 19:27:41 - [MESSAGE][PASSED] - Call Test Case 'Test Cases/Rizka/MainLogin' successfully

2020-05-28 19:27:41 - [TEST_STEP][PASSED] - click(findTestObject("Rizka/FAQ Management/btnFAQManagement")): Object: 'Object Repository/Rizka/FAQ Management/btnFAQManagement' is clicked on

2020-05-28 19:27:49 - [MESSAGE][PASSED] - Object: 'Object Repository/Rizka/FAQ Management/btnFAQManagement' is clicked on

2020-05-28 19:27:49 - [TEST_STEP][PASSED] - delay(7): Delayed 7 second(s)

2020-05-28 19:27:56 - [MESSAGE][PASSED] - Delayed 7 second(s)

2020-05-28 19:27:56 - [TEST_STEP][PASSED] - setText(findTestObject("Rizka/FAQ Management/inputSearchFAQ"), namaFAQ): Text 'FAQ1' is set on object 'Object Repository/Rizka/FAQ Management/inputSearchFAQ'

2020-05-28 19:27:57 - [MESSAGE][PASSED] - Text 'FAQ1' is set on object 'Object Repository/Rizka/FAQ Management/inputSearchFAQ'

2020-05-28 19:27:57 - [TEST_STEP][PASSED] - sendKeys(findTestObject("Rizka/FAQ Management/inputSearchFAQ"), Keys.chord(ENTER)): Keys 'ENTER + ' sent to object: 'Object Repository/Rizka/FAQ Management/inputSearchFAQ'

2020-05-28 19:27:57 - [MESSAGE][PASSED] - Keys 'ENTER + ' sent to object: 'Object Repository/Rizka/FAQ Management/inputSearchFAQ'

2020-05-28 19:27:57 - [TEST_STEP][PASSED] - delay(7): Delayed 7 second(s)

2020-05-28 19:28:04 - [MESSAGE][PASSED] - Delayed 7 second(s)

2020-05-28 19:28:04 - [TEST_STEP][PASSED] - click(findTestObject("Rizka/FAQ Management/btnSettings")): Object: 'Object Repository/Rizka/FAQ Management/btnSettings' is clicked on

2020-05-28 19:28:05 - [MESSAGE][PASSED] - Object: 'Object Repository/Rizka/FAQ Management/btnSettings' is clicked on

2020-05-28 19:28:05 - [TEST_STEP][PASSED] - if (condition == "passed"): null

2020-05-28 19:28:05 - [TEST_STEP][PASSED] - else: Web element with id: 'Object Repository/Rizka/FAQ Management/alertNotFound' located by 'By.xpath: //div[@class = 'no-data-msg' and (text() = 'No data found' or . = 'No data found')]' is not present after '30' second(s)

2020-05-28 19:28:05 - [TEST_STEP][PASSED] - click(findTestObject("Rizka/FAQ Management/btnDelete")): Object: 'Object Repository/Rizka/FAQ Management/btnDelete' is clicked on

2020-05-28 19:28:05 - [MESSAGE][PASSED] - Object: 'Object Repository/Rizka/FAQ Management/btnDelete' is clicked on

2020-05-28 19:28:05 - [TEST_STEP][PASSED] - click(findTestObject("Rizka/FAQ Management/btnCancelHapus")): Object: 'Object Repository/Rizka/FAQ Management/btnCancelHapus' is clicked on

2020-05-28 19:28:06 - [MESSAGE][PASSED] - Object: 'Object Repository/Rizka/FAQ Management/btnCancelHapus' is clicked on

2020-05-28 19:28:06 - [TEST_STEP][PASSED] - setText(findTestObject("Rizka/FAQ Management/inputSearchFAQ"), ""): Text '' is set on object 'Object Repository/Rizka/FAQ Management/inputSearchFAQ'

2020-05-28 19:28:07 - [MESSAGE][PASSED] - Text '' is set on object 'Object Repository/Rizka/FAQ Management/inputSearchFAQ'

2020-05-28 19:28:07 - [TEST_STEP][PASSED] - sendKeys(findTestObject("Rizka/FAQ Management/inputSearchFAQ"), Keys.chord(ENTER)): Keys 'ENTER + ' sent to object: 'Object Repository/Rizka/FAQ Management/inputSearchFAQ'

2020-05-28 19:28:07 - [MESSAGE][PASSED] - Keys 'ENTER + ' sent to object: 'Object Repository/Rizka/FAQ Management/inputSearchFAQ'

2020-05-28 19:28:07 - [TEST_STEP][PASSED] - setText(findTestObject("Rizka/FAQ Management/inputSearchFAQ"), namaFAQ): Text 'FAQ1' is set on object 'Object Repository/Rizka/FAQ Management/inputSearchFAQ'

2020-05-28 19:28:10 - [MESSAGE][PASSED] - Text 'FAQ1' is set on object 'Object Repository/Rizka/FAQ Management/inputSearchFAQ'

2020-05-28 19:28:10 - [TEST_STEP][PASSED] - sendKeys(findTestObject("Rizka/FAQ Management/inputSearchFAQ"), Keys.chord(ENTER)): Keys 'ENTER + ' sent to object: 'Object Repository/Rizka/FAQ Management/inputSearchFAQ'

2020-05-28 19:28:11 - [MESSAGE][PASSED] - Keys 'ENTER + ' sent to object: 'Object Repository/Rizka/FAQ Management/inputSearchFAQ'

2020-05-28 19:28:11 - [TEST_STEP][PASSED] - verifyElementNotPresent(findTestObject("Rizka/FAQ Management/alertNotFound"), 0): Web element with id: 'Object Repository/Rizka/FAQ Management/alertNotFound' located by 'By.xpath: //div[@class = 'no-data-msg' and (text() = 'No data found' or . = 'No data found')]' is not present after '30' second(s)

2020-05-28 19:28:11 - [MESSAGE][WARNING] - Timeout '0' is invalid. Using default page load timeout: '30'

2020-05-28 19:28:14 - [MESSAGE][PASSED] - Web element with id: 'Object Repository/Rizka/FAQ Management/alertNotFound' located by 'By.xpath: //div[@class = 'no-data-msg' and (text() = 'No data found' or . = 'No data found')]' is not present after '30' second(s)]]></system-out>
         <system-err><![CDATA[]]></system-err>
      </testcase>
      <testcase name="Test Cases/Rizka/FAQ Management/FAQ Management - Delete FAQ" time="85.697" classname="Test Cases/Rizka/FAQ Management/FAQ Management - Delete FAQ" status="PASSED">
         <system-out><![CDATA[2020-05-28 19:28:14 - [TEST_CASE][PASSED] - Test Cases/Rizka/FAQ Management/FAQ Management - Delete FAQ: Test Cases/Rizka/FAQ Management/FAQ Management - Delete FAQ

2020-05-28 19:28:14 - [TEST_STEP][PASSED] - callTestCase(findTestCase("Rizka/MainLogin"), [:], STOP_ON_FAILURE): Call Test Case 'Test Cases/Rizka/MainLogin' successfully

2020-05-28 19:28:14 - [TEST_CASE][PASSED] - Test Cases/Rizka/MainLogin: Test Cases/Rizka/MainLogin

2020-05-28 19:28:14 - [TEST_STEP][PASSED] - openBrowser("https://appsrv1.deltadatamandiri.com/ACC_Hunter_Web/#/S19n1n"): Browser is opened with url: 'https://appsrv1.deltadatamandiri.com/ACC_Hunter_Web/#/S19n1n'

2020-05-28 19:28:14 - [MESSAGE][WARNING] - A browser is already opened. Closing browser and opening a new one

2020-05-28 19:28:15 - [MESSAGE][INFO] - Starting 'Chrome' driver

2020-05-28 19:28:33 - [MESSAGE][PASSED] - Browser is opened with url: 'https://appsrv1.deltadatamandiri.com/ACC_Hunter_Web/#/S19n1n'

2020-05-28 19:28:33 - [TEST_STEP][PASSED] - maximizeWindow(): Current window maximized

2020-05-28 19:28:35 - [MESSAGE][PASSED] - Current window maximized

2020-05-28 19:28:35 - [TEST_STEP][PASSED] - delay(15): Delayed 15 second(s)

2020-05-28 19:28:50 - [MESSAGE][PASSED] - Delayed 15 second(s)

2020-05-28 19:28:50 - [TEST_STEP][PASSED] - setText(findTestObject("Rizka/FAQ Management/inputUsername"), "admin@mail.com"): Text 'admin@mail.com' is set on object 'Object Repository/Rizka/FAQ Management/inputUsername'

2020-05-28 19:28:53 - [MESSAGE][PASSED] - Text 'admin@mail.com' is set on object 'Object Repository/Rizka/FAQ Management/inputUsername'

2020-05-28 19:28:53 - [TEST_STEP][PASSED] - setText(findTestObject("Rizka/FAQ Management/inputPassword"), "Password1#"): Text 'Password1#' is set on object 'Object Repository/Rizka/FAQ Management/inputPassword'

2020-05-28 19:28:55 - [MESSAGE][PASSED] - Text 'Password1#' is set on object 'Object Repository/Rizka/FAQ Management/inputPassword'

2020-05-28 19:28:55 - [TEST_STEP][PASSED] - click(findTestObject("Rizka/FAQ Management/btnEyePass")): Object: 'Object Repository/Rizka/FAQ Management/btnEyePass' is clicked on

2020-05-28 19:28:55 - [MESSAGE][PASSED] - Object: 'Object Repository/Rizka/FAQ Management/btnEyePass' is clicked on

2020-05-28 19:28:55 - [TEST_STEP][PASSED] - click(findTestObject("Rizka/FAQ Management/btnSignIn")): Object: 'Object Repository/Rizka/FAQ Management/btnSignIn' is clicked on

2020-05-28 19:28:56 - [MESSAGE][PASSED] - Object: 'Object Repository/Rizka/FAQ Management/btnSignIn' is clicked on

2020-05-28 19:28:56 - [TEST_STEP][PASSED] - delay(10): Delayed 10 second(s)

2020-05-28 19:29:06 - [MESSAGE][PASSED] - Delayed 10 second(s)

2020-05-28 19:29:06 - [MESSAGE][PASSED] - Call Test Case 'Test Cases/Rizka/MainLogin' successfully

2020-05-28 19:29:06 - [TEST_STEP][PASSED] - click(findTestObject("Rizka/FAQ Management/btnFAQManagement")): Object: 'Object Repository/Rizka/FAQ Management/btnFAQManagement' is clicked on

2020-05-28 19:29:12 - [MESSAGE][PASSED] - Object: 'Object Repository/Rizka/FAQ Management/btnFAQManagement' is clicked on

2020-05-28 19:29:12 - [TEST_STEP][PASSED] - delay(7): Delayed 7 second(s)

2020-05-28 19:29:19 - [MESSAGE][PASSED] - Delayed 7 second(s)

2020-05-28 19:29:19 - [TEST_STEP][PASSED] - setText(findTestObject("Rizka/FAQ Management/inputSearchFAQ"), namaFAQ): Text 'FAQ2' is set on object 'Object Repository/Rizka/FAQ Management/inputSearchFAQ'

2020-05-28 19:29:19 - [MESSAGE][PASSED] - Text 'FAQ2' is set on object 'Object Repository/Rizka/FAQ Management/inputSearchFAQ'

2020-05-28 19:29:19 - [TEST_STEP][PASSED] - sendKeys(findTestObject("Rizka/FAQ Management/inputSearchFAQ"), Keys.chord(ENTER)): Keys 'ENTER + ' sent to object: 'Object Repository/Rizka/FAQ Management/inputSearchFAQ'

2020-05-28 19:29:20 - [MESSAGE][PASSED] - Keys 'ENTER + ' sent to object: 'Object Repository/Rizka/FAQ Management/inputSearchFAQ'

2020-05-28 19:29:20 - [TEST_STEP][PASSED] - delay(7): Delayed 7 second(s)

2020-05-28 19:29:27 - [MESSAGE][PASSED] - Delayed 7 second(s)

2020-05-28 19:29:27 - [TEST_STEP][PASSED] - click(findTestObject("Rizka/FAQ Management/btnSettings")): Object: 'Object Repository/Rizka/FAQ Management/btnSettings' is clicked on

2020-05-28 19:29:27 - [MESSAGE][PASSED] - Object: 'Object Repository/Rizka/FAQ Management/btnSettings' is clicked on

2020-05-28 19:29:27 - [TEST_STEP][PASSED] - if (condition == "passed"): Object 'Object Repository/Rizka/FAQ Management/alertNotFound' is present

2020-05-28 19:29:27 - [TEST_STEP][PASSED] - click(findTestObject("Rizka/FAQ Management/btnDelete")): Object: 'Object Repository/Rizka/FAQ Management/btnDelete' is clicked on

2020-05-28 19:29:28 - [MESSAGE][PASSED] - Object: 'Object Repository/Rizka/FAQ Management/btnDelete' is clicked on

2020-05-28 19:29:28 - [TEST_STEP][PASSED] - click(findTestObject("Rizka/FAQ Management/btnHapus")): Object: 'Object Repository/Rizka/FAQ Management/btnHapus' is clicked on

2020-05-28 19:29:29 - [MESSAGE][PASSED] - Object: 'Object Repository/Rizka/FAQ Management/btnHapus' is clicked on

2020-05-28 19:29:29 - [TEST_STEP][PASSED] - setText(findTestObject("Rizka/FAQ Management/inputSearchFAQ"), ""): Text '' is set on object 'Object Repository/Rizka/FAQ Management/inputSearchFAQ'

2020-05-28 19:29:33 - [MESSAGE][PASSED] - Text '' is set on object 'Object Repository/Rizka/FAQ Management/inputSearchFAQ'

2020-05-28 19:29:33 - [TEST_STEP][PASSED] - sendKeys(findTestObject("Rizka/FAQ Management/inputSearchFAQ"), Keys.chord(ENTER)): Keys 'ENTER + ' sent to object: 'Object Repository/Rizka/FAQ Management/inputSearchFAQ'

2020-05-28 19:29:33 - [MESSAGE][PASSED] - Keys 'ENTER + ' sent to object: 'Object Repository/Rizka/FAQ Management/inputSearchFAQ'

2020-05-28 19:29:33 - [TEST_STEP][PASSED] - setText(findTestObject("Rizka/FAQ Management/inputSearchFAQ"), namaFAQ): Text 'FAQ2' is set on object 'Object Repository/Rizka/FAQ Management/inputSearchFAQ'

2020-05-28 19:29:36 - [MESSAGE][PASSED] - Text 'FAQ2' is set on object 'Object Repository/Rizka/FAQ Management/inputSearchFAQ'

2020-05-28 19:29:36 - [TEST_STEP][PASSED] - sendKeys(findTestObject("Rizka/FAQ Management/inputSearchFAQ"), Keys.chord(ENTER)): Keys 'ENTER + ' sent to object: 'Object Repository/Rizka/FAQ Management/inputSearchFAQ'

2020-05-28 19:29:37 - [MESSAGE][PASSED] - Keys 'ENTER + ' sent to object: 'Object Repository/Rizka/FAQ Management/inputSearchFAQ'

2020-05-28 19:29:37 - [TEST_STEP][PASSED] - verifyElementPresent(findTestObject("Rizka/FAQ Management/alertNotFound"), 0): Object 'Object Repository/Rizka/FAQ Management/alertNotFound' is present

2020-05-28 19:29:37 - [MESSAGE][WARNING] - Timeout '0' is invalid. Using default page load timeout: '30'

2020-05-28 19:29:39 - [MESSAGE][PASSED] - Object 'Object Repository/Rizka/FAQ Management/alertNotFound' is present]]></system-out>
         <system-err><![CDATA[]]></system-err>
      </testcase>
      <system-out><![CDATA[2020-05-28 19:26:21 - [TEST_SUITE][PASSED] - FAQ Management: Test Cases/Rizka/FAQ Management/FAQ Management - Delete FAQ]]></system-out>
      <system-err><![CDATA[]]></system-err>
   </testsuite>
</testsuites>
