<?xml version="1.0" encoding="UTF-8"?>
<testsuites name="Change Password" time="40.418" tests="1" failures="0" errors="0">
   <testsuite name="Change Password" tests="1" failures="0" errors="0" time="40.418" timestamp="2020-05-29 09:19:22" hostname="ASUS - LAPTOP-D0TPACJ1" id="Test Suites/Christi/Change Password">
      <properties>
         <property name="deviceName" value=""/>
         <property name="devicePlatform" value=""/>
         <property name="logFolder" value="C:\\Users\\ASUS\\git\\HunterCMS\\Reports\\20200529_091909\\Christi\\Change Password\\20200529_091909"/>
         <property name="logFiles" value="C:\\Users\\ASUS\\git\\HunterCMS\\Reports\\20200529_091909\\Christi\\Change Password\\20200529_091909\\execution0.log"/>
         <property name="attachments" value=""/>
         <property name="hostName" value="ASUS - LAPTOP-D0TPACJ1"/>
         <property name="os" value="Windows 10 64bit"/>
         <property name="katalonVersion" value="7.0.10.1"/>
         <property name="browser" value="Chrome 83.0.4103.61"/>
         <property name="hostAddress" value="192.168.100.227"/>
         <property name="sessionId" value="266feb8a7ca81a62073a64df9380444f"/>
         <property name="seleniumVersion" value="3.141.59"/>
         <property name="proxyInformation" value="ProxyInformation{proxyOption=NO_PROXY, proxyServerType=HTTP, password=, proxyServerAddress=, proxyServerPort=0}"/>
         <property name="platform" value="Windows 10"/>
      </properties>
      <testcase name="Test Cases/Christi/Change Password" time="38.389" classname="Test Cases/Christi/Change Password" status="PASSED">
         <system-out><![CDATA[2020-05-29 09:19:23 - [TEST_CASE][PASSED] - Test Cases/Christi/Change Password: Test Cases/Christi/Change Password

2020-05-29 09:19:24 - [TEST_STEP][PASSED] - callTestCase(findTestCase("Christi/Login"), ["username":"admin@mail.com", "password":"Password1#"], STOP_ON_FAILURE): Call Test Case 'Test Cases/Christi/Login' successfully

2020-05-29 09:19:24 - [TEST_CASE][PASSED] - Test Cases/Christi/Login: Test Cases/Christi/Login

2020-05-29 09:19:24 - [TEST_STEP][PASSED] - openBrowser(""): Browser is opened with url: ''

2020-05-29 09:19:25 - [MESSAGE][INFO] - Starting 'Chrome' driver

2020-05-29 09:19:26 - [MESSAGE][INFO] - Action delay is set to 0 seconds

2020-05-29 09:19:32 - [MESSAGE][PASSED] - Browser is opened with url: ''

2020-05-29 09:19:32 - [TEST_STEP][PASSED] - navigateToUrl("https://appsrv1.deltadatamandiri.com/ACC_Hunter_Web/#/S19n1n"): Navigate to 'https://appsrv1.deltadatamandiri.com/ACC_Hunter_Web/#/S19n1n' successfully

2020-05-29 09:19:40 - [MESSAGE][PASSED] - Navigate to 'https://appsrv1.deltadatamandiri.com/ACC_Hunter_Web/#/S19n1n' successfully

2020-05-29 09:19:40 - [TEST_STEP][PASSED] - setText(findTestObject("Christi/Page_Sign In/input_username"), username): Text 'admin@mail.com' is set on object 'Object Repository/Christi/Page_Sign In/input_username'

2020-05-29 09:19:42 - [MESSAGE][PASSED] - Text 'admin@mail.com' is set on object 'Object Repository/Christi/Page_Sign In/input_username'

2020-05-29 09:19:42 - [TEST_STEP][PASSED] - setText(findTestObject("Christi/Page_Sign In/input_password"), password): Text 'Password1#' is set on object 'Object Repository/Christi/Page_Sign In/input_password'

2020-05-29 09:19:43 - [MESSAGE][PASSED] - Text 'Password1#' is set on object 'Object Repository/Christi/Page_Sign In/input_password'

2020-05-29 09:19:43 - [TEST_STEP][PASSED] - click(findTestObject("Christi/Page_Sign In/span_Sign In")): Object: 'Object Repository/Christi/Page_Sign In/span_Sign In' is clicked on

2020-05-29 09:19:43 - [MESSAGE][PASSED] - Object: 'Object Repository/Christi/Page_Sign In/span_Sign In' is clicked on

2020-05-29 09:19:43 - [MESSAGE][PASSED] - Call Test Case 'Test Cases/Christi/Login' successfully

2020-05-29 09:19:43 - [TEST_STEP][PASSED] - delay(3): Delayed 3 second(s)

2020-05-29 09:19:46 - [MESSAGE][PASSED] - Delayed 3 second(s)

2020-05-29 09:19:46 - [TEST_STEP][PASSED] - click(findTestObject("Christi/Page_Main/label_Go to Dashboard")): Object: 'Object Repository/Christi/Page_Main/label_Go to Dashboard' is clicked on

2020-05-29 09:19:49 - [MESSAGE][PASSED] - Object: 'Object Repository/Christi/Page_Main/label_Go to Dashboard' is clicked on

2020-05-29 09:19:49 - [TEST_STEP][PASSED] - delay(3): Delayed 3 second(s)

2020-05-29 09:19:52 - [MESSAGE][PASSED] - Delayed 3 second(s)

2020-05-29 09:19:52 - [TEST_STEP][PASSED] - click(findTestObject("Christi/Page_Dashboard/a_Change Password")): Object: 'Object Repository/Christi/Page_Dashboard/a_Change Password' is clicked on

2020-05-29 09:19:55 - [MESSAGE][PASSED] - Object: 'Object Repository/Christi/Page_Dashboard/a_Change Password' is clicked on

2020-05-29 09:19:55 - [TEST_STEP][PASSED] - delay(3): Delayed 3 second(s)

2020-05-29 09:19:58 - [MESSAGE][PASSED] - Delayed 3 second(s)

2020-05-29 09:19:58 - [TEST_STEP][NOT_RUN] - if (show_pwd == "yes"): NOT_RUN: if (show_pwd == "yes")

2020-05-29 09:19:58 - [MESSAGE][NOT_RUN] - NOT_RUN: if (show_pwd == "yes")

2020-05-29 09:19:58 - [TEST_STEP][PASSED] - setText(findTestObject("Christi/Page_Dashboard/input_Testing_oldPassword"), password): Text '' is set on object 'Object Repository/Christi/Page_Dashboard/input_Testing_oldPassword'

2020-05-29 09:19:59 - [MESSAGE][PASSED] - Text '' is set on object 'Object Repository/Christi/Page_Dashboard/input_Testing_oldPassword'

2020-05-29 09:19:59 - [TEST_STEP][PASSED] - delay(0): Delayed 0 second(s)

2020-05-29 09:19:59 - [MESSAGE][PASSED] - Delayed 0 second(s)

2020-05-29 09:19:59 - [TEST_STEP][NOT_RUN] - if (show_pwd_baru == "yes"): NOT_RUN: if (show_pwd_baru == "yes")

2020-05-29 09:19:59 - [MESSAGE][NOT_RUN] - NOT_RUN: if (show_pwd_baru == "yes")

2020-05-29 09:19:59 - [TEST_STEP][PASSED] - setText(findTestObject("Christi/Page_Dashboard/input_Testing_password"), password_baru): Text 'Password1' is set on object 'Object Repository/Christi/Page_Dashboard/input_Testing_password'

2020-05-29 09:19:59 - [MESSAGE][PASSED] - Text 'Password1' is set on object 'Object Repository/Christi/Page_Dashboard/input_Testing_password'

2020-05-29 09:19:59 - [TEST_STEP][NOT_RUN] - if (show_pwd_konfir == "yes"): NOT_RUN: if (show_pwd_konfir == "yes")

2020-05-29 09:19:59 - [MESSAGE][NOT_RUN] - NOT_RUN: if (show_pwd_konfir == "yes")

2020-05-29 09:19:59 - [TEST_STEP][PASSED] - setText(findTestObject("Christi/Page_Dashboard/input_Testing_confPassword"), password_konfirmasi): Text 'Password1' is set on object 'Object Repository/Christi/Page_Dashboard/input_Testing_confPassword'

2020-05-29 09:20:00 - [MESSAGE][PASSED] - Text 'Password1' is set on object 'Object Repository/Christi/Page_Dashboard/input_Testing_confPassword'

2020-05-29 09:20:00 - [TEST_STEP][PASSED] - delay(0): Delayed 0 second(s)

2020-05-29 09:20:00 - [MESSAGE][PASSED] - Delayed 0 second(s)

2020-05-29 09:20:00 - [TEST_STEP][PASSED] - click(findTestObject("Christi/Page_Dashboard/span_Change Password")): Object: 'Object Repository/Christi/Page_Dashboard/span_Change Password' is clicked on

2020-05-29 09:20:00 - [MESSAGE][PASSED] - Object: 'Object Repository/Christi/Page_Dashboard/span_Change Password' is clicked on

2020-05-29 09:20:00 - [TEST_STEP][PASSED] - if (expected == "pass"): null

2020-05-29 09:20:00 - [TEST_STEP][PASSED] - else if (expected == "fail"): null

2020-05-29 09:20:00 - [TEST_STEP][PASSED] - switch (status.toString()): null

2020-05-29 09:20:00 - [TEST_STEP][PASSED] - case "password lama kosong":: null

2020-05-29 09:20:00 - [TEST_STEP][PASSED] - break: null

2020-05-29 09:20:00 - [TEST_STEP][PASSED] - click(findTestObject("Christi/Page_Dashboard/div_Password lama tidak boleh kosong")): Object: 'Object Repository/Christi/Page_Dashboard/div_Password lama tidak boleh kosong' is clicked on

2020-05-29 09:20:01 - [MESSAGE][PASSED] - Object: 'Object Repository/Christi/Page_Dashboard/div_Password lama tidak boleh kosong' is clicked on]]></system-out>
         <system-err><![CDATA[]]></system-err>
      </testcase>
      <system-out><![CDATA[2020-05-29 09:19:22 - [TEST_SUITE][PASSED] - Change Password: Test Cases/Christi/Change Password]]></system-out>
      <system-err><![CDATA[]]></system-err>
   </testsuite>
</testsuites>
