<?xml version="1.0" encoding="UTF-8"?>
<testsuites name="FAQ Management" time="99.763" tests="1" failures="0" errors="0">
   <testsuite name="FAQ Management" tests="1" failures="0" errors="0" time="99.763" timestamp="2020-05-29 15:33:42" hostname="rizkajuliant20 - DESKTOP-NHES7H6" id="Test Suites/Rizka/FAQ Management">
      <properties>
         <property name="deviceName" value=""/>
         <property name="devicePlatform" value=""/>
         <property name="logFolder" value="D:\\MY WORLD\\WORKS (TUGAS)\\HunterCMSNew\\Reports\\20200529_153329\\Rizka\\FAQ Management\\20200529_153329"/>
         <property name="logFiles" value="D:\\MY WORLD\\WORKS (TUGAS)\\HunterCMSNew\\Reports\\20200529_153329\\Rizka\\FAQ Management\\20200529_153329\\execution0.log"/>
         <property name="attachments" value=""/>
         <property name="hostName" value="rizkajuliant20 - DESKTOP-NHES7H6"/>
         <property name="os" value="Windows 10 64bit"/>
         <property name="katalonVersion" value="7.2.1.1"/>
         <property name="browser" value="Chrome 83.0.4103.61"/>
         <property name="hostAddress" value="192.168.1.116"/>
         <property name="sessionId" value="06ba689053fbb5182bf3169b8a8013ef"/>
         <property name="seleniumVersion" value="3.141.59"/>
         <property name="proxyInformation" value="ProxyInformation{proxyOption=NO_PROXY, proxyServerType=HTTP, password=, proxyServerAddress=, proxyServerPort=0, executionList=}"/>
         <property name="platform" value="Windows 10"/>
      </properties>
      <testcase name="Test Cases/Rizka/FAQ Management/FAQ Management - Edit FAQ" time="96.558" classname="Test Cases/Rizka/FAQ Management/FAQ Management - Edit FAQ" status="PASSED">
         <system-out><![CDATA[2020-05-29 15:33:43 - [TEST_CASE][PASSED] - Test Cases/Rizka/FAQ Management/FAQ Management - Edit FAQ: Test Cases/Rizka/FAQ Management/FAQ Management - Edit FAQ

2020-05-29 15:33:45 - [TEST_STEP][PASSED] - callTestCase(findTestCase("Rizka/MainLogin"), [:], STOP_ON_FAILURE): Call Test Case 'Test Cases/Rizka/MainLogin' successfully

2020-05-29 15:33:45 - [TEST_CASE][PASSED] - Test Cases/Rizka/MainLogin: Test Cases/Rizka/MainLogin

2020-05-29 15:33:46 - [TEST_STEP][PASSED] - openBrowser("https://appsrv1.deltadatamandiri.com/ACC_Hunter_Web/#/S19n1n"): Browser is opened with url: 'https://appsrv1.deltadatamandiri.com/ACC_Hunter_Web/#/S19n1n'

2020-05-29 15:33:46 - [MESSAGE][INFO] - Starting 'Chrome' driver

2020-05-29 15:33:46 - [MESSAGE][INFO] - Action delay is set to 0 seconds

2020-05-29 15:34:11 - [MESSAGE][PASSED] - Browser is opened with url: 'https://appsrv1.deltadatamandiri.com/ACC_Hunter_Web/#/S19n1n'

2020-05-29 15:34:11 - [TEST_STEP][PASSED] - maximizeWindow(): Current window maximized

2020-05-29 15:34:12 - [MESSAGE][PASSED] - Current window maximized

2020-05-29 15:34:12 - [TEST_STEP][PASSED] - delay(15): Delayed 15 second(s)

2020-05-29 15:34:27 - [MESSAGE][PASSED] - Delayed 15 second(s)

2020-05-29 15:34:27 - [TEST_STEP][PASSED] - setText(findTestObject("Rizka/FAQ Management/inputUsername"), "admin@mail.com"): Text 'admin@mail.com' is set on object 'Object Repository/Rizka/FAQ Management/inputUsername'

2020-05-29 15:34:28 - [MESSAGE][PASSED] - Text 'admin@mail.com' is set on object 'Object Repository/Rizka/FAQ Management/inputUsername'

2020-05-29 15:34:28 - [TEST_STEP][PASSED] - setText(findTestObject("Rizka/FAQ Management/inputPassword"), "Password1#"): Text 'Password1#' is set on object 'Object Repository/Rizka/FAQ Management/inputPassword'

2020-05-29 15:34:29 - [MESSAGE][PASSED] - Text 'Password1#' is set on object 'Object Repository/Rizka/FAQ Management/inputPassword'

2020-05-29 15:34:29 - [TEST_STEP][PASSED] - click(findTestObject("Rizka/FAQ Management/btnEyePass")): Object: 'Object Repository/Rizka/FAQ Management/btnEyePass' is clicked on

2020-05-29 15:34:29 - [MESSAGE][PASSED] - Object: 'Object Repository/Rizka/FAQ Management/btnEyePass' is clicked on

2020-05-29 15:34:29 - [TEST_STEP][PASSED] - click(findTestObject("Rizka/FAQ Management/btnSignIn")): Object: 'Object Repository/Rizka/FAQ Management/btnSignIn' is clicked on

2020-05-29 15:34:30 - [MESSAGE][PASSED] - Object: 'Object Repository/Rizka/FAQ Management/btnSignIn' is clicked on

2020-05-29 15:34:30 - [TEST_STEP][PASSED] - delay(10): Delayed 10 second(s)

2020-05-29 15:34:40 - [MESSAGE][PASSED] - Delayed 10 second(s)

2020-05-29 15:34:40 - [MESSAGE][PASSED] - Call Test Case 'Test Cases/Rizka/MainLogin' successfully

2020-05-29 15:34:40 - [TEST_STEP][PASSED] - click(findTestObject("Rizka/FAQ Management/btnFAQManagement")): Object: 'Object Repository/Rizka/FAQ Management/btnFAQManagement' is clicked on

2020-05-29 15:34:43 - [MESSAGE][PASSED] - Object: 'Object Repository/Rizka/FAQ Management/btnFAQManagement' is clicked on

2020-05-29 15:34:43 - [TEST_STEP][PASSED] - delay(7): Delayed 7 second(s)

2020-05-29 15:34:50 - [MESSAGE][PASSED] - Delayed 7 second(s)

2020-05-29 15:34:50 - [TEST_STEP][PASSED] - setText(findTestObject("Rizka/FAQ Management/inputSearchFAQ"), questionBefore): Text 'Bagaimana cara meredeem poin?' is set on object 'Object Repository/Rizka/FAQ Management/inputSearchFAQ'

2020-05-29 15:34:51 - [MESSAGE][PASSED] - Text 'Bagaimana cara meredeem poin?' is set on object 'Object Repository/Rizka/FAQ Management/inputSearchFAQ'

2020-05-29 15:34:51 - [TEST_STEP][PASSED] - sendKeys(findTestObject("Rizka/FAQ Management/inputSearchFAQ"), Keys.chord(ENTER)): Keys 'ENTER + ' sent to object: 'Object Repository/Rizka/FAQ Management/inputSearchFAQ'

2020-05-29 15:34:51 - [MESSAGE][PASSED] - Keys 'ENTER + ' sent to object: 'Object Repository/Rizka/FAQ Management/inputSearchFAQ'

2020-05-29 15:34:51 - [TEST_STEP][PASSED] - delay(7): Delayed 7 second(s)

2020-05-29 15:34:58 - [MESSAGE][PASSED] - Delayed 7 second(s)

2020-05-29 15:34:58 - [TEST_STEP][PASSED] - click(findTestObject("Rizka/FAQ Management/btnSettings")): Object: 'Object Repository/Rizka/FAQ Management/btnSettings' is clicked on

2020-05-29 15:34:59 - [MESSAGE][PASSED] - Object: 'Object Repository/Rizka/FAQ Management/btnSettings' is clicked on

2020-05-29 15:34:59 - [TEST_STEP][PASSED] - click(findTestObject("Rizka/FAQ Management/btnEdit")): Object: 'Object Repository/Rizka/FAQ Management/btnEdit' is clicked on

2020-05-29 15:35:00 - [MESSAGE][PASSED] - Object: 'Object Repository/Rizka/FAQ Management/btnEdit' is clicked on

2020-05-29 15:35:00 - [TEST_STEP][PASSED] - delay(3): Delayed 3 second(s)

2020-05-29 15:35:03 - [MESSAGE][PASSED] - Delayed 3 second(s)

2020-05-29 15:35:03 - [TEST_STEP][PASSED] - setText(findTestObject("Rizka/FAQ Management/inputEditQuestion"), questionAfter): Text '' is set on object 'Object Repository/Rizka/FAQ Management/inputEditQuestion'

2020-05-29 15:35:03 - [MESSAGE][PASSED] - Text '' is set on object 'Object Repository/Rizka/FAQ Management/inputEditQuestion'

2020-05-29 15:35:03 - [TEST_STEP][PASSED] - setText(findTestObject("Rizka/FAQ Management/inputEditAns"), answer): Text '' is set on object 'Object Repository/Rizka/FAQ Management/inputEditAns'

2020-05-29 15:35:04 - [MESSAGE][PASSED] - Text '' is set on object 'Object Repository/Rizka/FAQ Management/inputEditAns'

2020-05-29 15:35:04 - [TEST_STEP][PASSED] - if (condition == "passed"): Actual text 'Bagaimana cara meredeem poin?' and expected text '' are not matched 

2020-05-29 15:35:04 - [TEST_STEP][PASSED] - click(findTestObject("Rizka/FAQ Management/btnSimpanEdit")): Object: 'Object Repository/Rizka/FAQ Management/btnSimpanEdit' is clicked on

2020-05-29 15:35:05 - [MESSAGE][PASSED] - Object: 'Object Repository/Rizka/FAQ Management/btnSimpanEdit' is clicked on

2020-05-29 15:35:05 - [TEST_STEP][PASSED] - delay(5): Delayed 5 second(s)

2020-05-29 15:35:10 - [MESSAGE][PASSED] - Delayed 5 second(s)

2020-05-29 15:35:10 - [TEST_STEP][PASSED] - setText(findTestObject("Rizka/FAQ Management/inputSearchFAQ"), ""): Text '' is set on object 'Object Repository/Rizka/FAQ Management/inputSearchFAQ'

2020-05-29 15:35:10 - [MESSAGE][PASSED] - Text '' is set on object 'Object Repository/Rizka/FAQ Management/inputSearchFAQ'

2020-05-29 15:35:10 - [TEST_STEP][PASSED] - sendKeys(findTestObject("Rizka/FAQ Management/inputSearchFAQ"), Keys.chord(ENTER)): Keys 'ENTER + ' sent to object: 'Object Repository/Rizka/FAQ Management/inputSearchFAQ'

2020-05-29 15:35:11 - [MESSAGE][PASSED] - Keys 'ENTER + ' sent to object: 'Object Repository/Rizka/FAQ Management/inputSearchFAQ'

2020-05-29 15:35:11 - [TEST_STEP][PASSED] - if (questionAfter != ""): null

2020-05-29 15:35:11 - [TEST_STEP][PASSED] - else: Text 'Bagaimana cara meredeem poin?' is set on object 'Object Repository/Rizka/FAQ Management/inputSearchFAQ'

2020-05-29 15:35:11 - [TEST_STEP][PASSED] - setText(findTestObject("Rizka/FAQ Management/inputSearchFAQ"), questionBefore): Text 'Bagaimana cara meredeem poin?' is set on object 'Object Repository/Rizka/FAQ Management/inputSearchFAQ'

2020-05-29 15:35:14 - [MESSAGE][PASSED] - Text 'Bagaimana cara meredeem poin?' is set on object 'Object Repository/Rizka/FAQ Management/inputSearchFAQ'

2020-05-29 15:35:14 - [TEST_STEP][PASSED] - sendKeys(findTestObject("Rizka/FAQ Management/inputSearchFAQ"), Keys.chord(ENTER)): Keys 'ENTER + ' sent to object: 'Object Repository/Rizka/FAQ Management/inputSearchFAQ'

2020-05-29 15:35:15 - [MESSAGE][PASSED] - Keys 'ENTER + ' sent to object: 'Object Repository/Rizka/FAQ Management/inputSearchFAQ'

2020-05-29 15:35:15 - [TEST_STEP][PASSED] - click(findTestObject("Rizka/FAQ Management/btnSettings")): Object: 'Object Repository/Rizka/FAQ Management/btnSettings' is clicked on

2020-05-29 15:35:17 - [MESSAGE][PASSED] - Object: 'Object Repository/Rizka/FAQ Management/btnSettings' is clicked on

2020-05-29 15:35:17 - [TEST_STEP][PASSED] - click(findTestObject("Rizka/FAQ Management/btnEdit")): Object: 'Object Repository/Rizka/FAQ Management/btnEdit' is clicked on

2020-05-29 15:35:18 - [MESSAGE][PASSED] - Object: 'Object Repository/Rizka/FAQ Management/btnEdit' is clicked on

2020-05-29 15:35:18 - [TEST_STEP][PASSED] - atribut1 = getAttribute(findTestObject("Rizka/FAQ Management/inputEditQuestion"), "value"): Attribute 'value' of object 'Object Repository/Rizka/FAQ Management/inputEditQuestion' is: 'Bagaimana cara meredeem poin?'

2020-05-29 15:35:19 - [MESSAGE][PASSED] - Attribute 'value' of object 'Object Repository/Rizka/FAQ Management/inputEditQuestion' is: 'Bagaimana cara meredeem poin?'

2020-05-29 15:35:19 - [TEST_STEP][PASSED] - atribut2 = getAttribute(findTestObject("Rizka/FAQ Management/inputEditQuestion"), "value"): Attribute 'value' of object 'Object Repository/Rizka/FAQ Management/inputEditQuestion' is: 'Bagaimana cara meredeem poin?'

2020-05-29 15:35:19 - [MESSAGE][PASSED] - Attribute 'value' of object 'Object Repository/Rizka/FAQ Management/inputEditQuestion' is: 'Bagaimana cara meredeem poin?'

2020-05-29 15:35:19 - [TEST_STEP][PASSED] - if (questionAfter == ""): Actual text 'Bagaimana cara meredeem poin?' and expected text '' are not matched 

2020-05-29 15:35:19 - [TEST_STEP][PASSED] - verifyNotMatch(atribut1, questionAfter, false): Actual text 'Bagaimana cara meredeem poin?' and expected text '' are not matched 

2020-05-29 15:35:19 - [MESSAGE][PASSED] - Actual text 'Bagaimana cara meredeem poin?' and expected text '' are not matched 

2020-05-29 15:35:19 - [TEST_STEP][PASSED] - if (answer == ""): Actual text 'Bagaimana cara meredeem poin?' and expected text '' are not matched 

2020-05-29 15:35:19 - [TEST_STEP][PASSED] - verifyNotMatch(atribut2, answer, false): Actual text 'Bagaimana cara meredeem poin?' and expected text '' are not matched 

2020-05-29 15:35:19 - [MESSAGE][PASSED] - Actual text 'Bagaimana cara meredeem poin?' and expected text '' are not matched]]></system-out>
         <system-err><![CDATA[]]></system-err>
      </testcase>
      <system-out><![CDATA[2020-05-29 15:33:42 - [TEST_SUITE][PASSED] - FAQ Management: Test Cases/Rizka/FAQ Management/FAQ Management - Edit FAQ]]></system-out>
      <system-err><![CDATA[]]></system-err>
   </testsuite>
</testsuites>
