<?xml version="1.0" encoding="UTF-8"?>
<testsuites name="FAQ Management" time="91.634" tests="1" failures="0" errors="0">
   <testsuite name="FAQ Management" tests="1" failures="0" errors="0" time="91.634" timestamp="2020-05-29 15:19:25" hostname="rizkajuliant20 - DESKTOP-NHES7H6" id="Test Suites/Rizka/FAQ Management">
      <properties>
         <property name="deviceName" value=""/>
         <property name="devicePlatform" value=""/>
         <property name="logFolder" value="D:\\MY WORLD\\WORKS (TUGAS)\\HunterCMSNew\\Reports\\20200529_151915\\Rizka\\FAQ Management\\20200529_151915"/>
         <property name="logFiles" value="D:\\MY WORLD\\WORKS (TUGAS)\\HunterCMSNew\\Reports\\20200529_151915\\Rizka\\FAQ Management\\20200529_151915\\execution0.log"/>
         <property name="attachments" value=""/>
         <property name="hostName" value="rizkajuliant20 - DESKTOP-NHES7H6"/>
         <property name="os" value="Windows 10 64bit"/>
         <property name="katalonVersion" value="7.2.1.1"/>
         <property name="browser" value="Chrome 83.0.4103.61"/>
         <property name="hostAddress" value="192.168.1.116"/>
         <property name="sessionId" value="d2d3d83d520705a69f489eb181e2083a"/>
         <property name="seleniumVersion" value="3.141.59"/>
         <property name="proxyInformation" value="ProxyInformation{proxyOption=NO_PROXY, proxyServerType=HTTP, password=, proxyServerAddress=, proxyServerPort=0, executionList=}"/>
         <property name="platform" value="Windows 10"/>
      </properties>
      <testcase name="Test Cases/Rizka/FAQ Management/FAQ Management - Edit FAQ" time="88.502" classname="Test Cases/Rizka/FAQ Management/FAQ Management - Edit FAQ" status="PASSED">
         <system-out><![CDATA[2020-05-29 15:19:26 - [TEST_CASE][PASSED] - Test Cases/Rizka/FAQ Management/FAQ Management - Edit FAQ: Test Cases/Rizka/FAQ Management/FAQ Management - Edit FAQ

2020-05-29 15:19:28 - [TEST_STEP][PASSED] - callTestCase(findTestCase("Rizka/MainLogin"), [:], STOP_ON_FAILURE): Call Test Case 'Test Cases/Rizka/MainLogin' successfully

2020-05-29 15:19:28 - [TEST_CASE][PASSED] - Test Cases/Rizka/MainLogin: Test Cases/Rizka/MainLogin

2020-05-29 15:19:29 - [TEST_STEP][PASSED] - openBrowser("https://appsrv1.deltadatamandiri.com/ACC_Hunter_Web/#/S19n1n"): Browser is opened with url: 'https://appsrv1.deltadatamandiri.com/ACC_Hunter_Web/#/S19n1n'

2020-05-29 15:19:29 - [MESSAGE][INFO] - Starting 'Chrome' driver

2020-05-29 15:19:30 - [MESSAGE][INFO] - Action delay is set to 0 seconds

2020-05-29 15:19:50 - [MESSAGE][PASSED] - Browser is opened with url: 'https://appsrv1.deltadatamandiri.com/ACC_Hunter_Web/#/S19n1n'

2020-05-29 15:19:50 - [TEST_STEP][PASSED] - maximizeWindow(): Current window maximized

2020-05-29 15:19:52 - [MESSAGE][PASSED] - Current window maximized

2020-05-29 15:19:52 - [TEST_STEP][PASSED] - delay(15): Delayed 15 second(s)

2020-05-29 15:20:07 - [MESSAGE][PASSED] - Delayed 15 second(s)

2020-05-29 15:20:07 - [TEST_STEP][PASSED] - setText(findTestObject("Rizka/FAQ Management/inputUsername"), "admin@mail.com"): Text 'admin@mail.com' is set on object 'Object Repository/Rizka/FAQ Management/inputUsername'

2020-05-29 15:20:08 - [MESSAGE][PASSED] - Text 'admin@mail.com' is set on object 'Object Repository/Rizka/FAQ Management/inputUsername'

2020-05-29 15:20:08 - [TEST_STEP][PASSED] - setText(findTestObject("Rizka/FAQ Management/inputPassword"), "Password1#"): Text 'Password1#' is set on object 'Object Repository/Rizka/FAQ Management/inputPassword'

2020-05-29 15:20:08 - [MESSAGE][PASSED] - Text 'Password1#' is set on object 'Object Repository/Rizka/FAQ Management/inputPassword'

2020-05-29 15:20:08 - [TEST_STEP][PASSED] - click(findTestObject("Rizka/FAQ Management/btnEyePass")): Object: 'Object Repository/Rizka/FAQ Management/btnEyePass' is clicked on

2020-05-29 15:20:09 - [MESSAGE][PASSED] - Object: 'Object Repository/Rizka/FAQ Management/btnEyePass' is clicked on

2020-05-29 15:20:09 - [TEST_STEP][PASSED] - click(findTestObject("Rizka/FAQ Management/btnSignIn")): Object: 'Object Repository/Rizka/FAQ Management/btnSignIn' is clicked on

2020-05-29 15:20:10 - [MESSAGE][PASSED] - Object: 'Object Repository/Rizka/FAQ Management/btnSignIn' is clicked on

2020-05-29 15:20:10 - [TEST_STEP][PASSED] - delay(10): Delayed 10 second(s)

2020-05-29 15:20:20 - [MESSAGE][PASSED] - Delayed 10 second(s)

2020-05-29 15:20:20 - [MESSAGE][PASSED] - Call Test Case 'Test Cases/Rizka/MainLogin' successfully

2020-05-29 15:20:20 - [TEST_STEP][PASSED] - click(findTestObject("Rizka/FAQ Management/btnFAQManagement")): Object: 'Object Repository/Rizka/FAQ Management/btnFAQManagement' is clicked on

2020-05-29 15:20:22 - [MESSAGE][PASSED] - Object: 'Object Repository/Rizka/FAQ Management/btnFAQManagement' is clicked on

2020-05-29 15:20:22 - [TEST_STEP][PASSED] - delay(7): Delayed 7 second(s)

2020-05-29 15:20:29 - [MESSAGE][PASSED] - Delayed 7 second(s)

2020-05-29 15:20:29 - [TEST_STEP][PASSED] - setText(findTestObject("Rizka/FAQ Management/inputSearchFAQ"), questionBefore): Text 'Apa itu informan?' is set on object 'Object Repository/Rizka/FAQ Management/inputSearchFAQ'

2020-05-29 15:20:30 - [MESSAGE][PASSED] - Text 'Apa itu informan?' is set on object 'Object Repository/Rizka/FAQ Management/inputSearchFAQ'

2020-05-29 15:20:30 - [TEST_STEP][PASSED] - sendKeys(findTestObject("Rizka/FAQ Management/inputSearchFAQ"), Keys.chord(ENTER)): Keys 'ENTER + ' sent to object: 'Object Repository/Rizka/FAQ Management/inputSearchFAQ'

2020-05-29 15:20:31 - [MESSAGE][PASSED] - Keys 'ENTER + ' sent to object: 'Object Repository/Rizka/FAQ Management/inputSearchFAQ'

2020-05-29 15:20:31 - [TEST_STEP][PASSED] - delay(7): Delayed 7 second(s)

2020-05-29 15:20:38 - [MESSAGE][PASSED] - Delayed 7 second(s)

2020-05-29 15:20:38 - [TEST_STEP][PASSED] - click(findTestObject("Rizka/FAQ Management/btnSettings")): Object: 'Object Repository/Rizka/FAQ Management/btnSettings' is clicked on

2020-05-29 15:20:38 - [MESSAGE][PASSED] - Object: 'Object Repository/Rizka/FAQ Management/btnSettings' is clicked on

2020-05-29 15:20:38 - [TEST_STEP][PASSED] - click(findTestObject("Rizka/FAQ Management/btnEdit")): Object: 'Object Repository/Rizka/FAQ Management/btnEdit' is clicked on

2020-05-29 15:20:39 - [MESSAGE][PASSED] - Object: 'Object Repository/Rizka/FAQ Management/btnEdit' is clicked on

2020-05-29 15:20:39 - [TEST_STEP][PASSED] - delay(3): Delayed 3 second(s)

2020-05-29 15:20:42 - [MESSAGE][PASSED] - Delayed 3 second(s)

2020-05-29 15:20:42 - [TEST_STEP][PASSED] - setText(findTestObject("Rizka/FAQ Management/inputEditQuestion"), questionAfter): Text 'Question Edit 2' is set on object 'Object Repository/Rizka/FAQ Management/inputEditQuestion'

2020-05-29 15:20:43 - [MESSAGE][PASSED] - Text 'Question Edit 2' is set on object 'Object Repository/Rizka/FAQ Management/inputEditQuestion'

2020-05-29 15:20:43 - [TEST_STEP][PASSED] - setText(findTestObject("Rizka/FAQ Management/inputEditAns"), answer): Text '' is set on object 'Object Repository/Rizka/FAQ Management/inputEditAns'

2020-05-29 15:20:43 - [MESSAGE][PASSED] - Text '' is set on object 'Object Repository/Rizka/FAQ Management/inputEditAns'

2020-05-29 15:20:43 - [TEST_STEP][PASSED] - if (condition == "passed"): null

2020-05-29 15:20:43 - [TEST_STEP][PASSED] - else if (condition == "cancel"): null

2020-05-29 15:20:43 - [TEST_STEP][PASSED] - else: Actual text 'Question Edit 2' and expected text '' are not matched 

2020-05-29 15:20:43 - [TEST_STEP][PASSED] - click(findTestObject("Rizka/FAQ Management/btnSimpanEdit")): Object: 'Object Repository/Rizka/FAQ Management/btnSimpanEdit' is clicked on

2020-05-29 15:20:44 - [MESSAGE][PASSED] - Object: 'Object Repository/Rizka/FAQ Management/btnSimpanEdit' is clicked on

2020-05-29 15:20:44 - [TEST_STEP][PASSED] - delay(5): Delayed 5 second(s)

2020-05-29 15:20:49 - [MESSAGE][PASSED] - Delayed 5 second(s)

2020-05-29 15:20:49 - [TEST_STEP][PASSED] - if (questionAfter != ""): Text 'Question Edit 2' is set on object 'Object Repository/Rizka/FAQ Management/inputSearchFAQ'

2020-05-29 15:20:49 - [TEST_STEP][PASSED] - setText(findTestObject("Rizka/FAQ Management/inputSearchFAQ"), questionAfter): Text 'Question Edit 2' is set on object 'Object Repository/Rizka/FAQ Management/inputSearchFAQ'

2020-05-29 15:20:50 - [MESSAGE][PASSED] - Text 'Question Edit 2' is set on object 'Object Repository/Rizka/FAQ Management/inputSearchFAQ'

2020-05-29 15:20:50 - [TEST_STEP][PASSED] - sendKeys(findTestObject("Rizka/FAQ Management/inputSearchFAQ"), Keys.chord(ENTER)): Keys 'ENTER + ' sent to object: 'Object Repository/Rizka/FAQ Management/inputSearchFAQ'

2020-05-29 15:20:50 - [MESSAGE][PASSED] - Keys 'ENTER + ' sent to object: 'Object Repository/Rizka/FAQ Management/inputSearchFAQ'

2020-05-29 15:20:50 - [TEST_STEP][PASSED] - click(findTestObject("Rizka/FAQ Management/btnSettings")): Object: 'Object Repository/Rizka/FAQ Management/btnSettings' is clicked on

2020-05-29 15:20:53 - [MESSAGE][PASSED] - Object: 'Object Repository/Rizka/FAQ Management/btnSettings' is clicked on

2020-05-29 15:20:53 - [TEST_STEP][PASSED] - click(findTestObject("Rizka/FAQ Management/btnEdit")): Object: 'Object Repository/Rizka/FAQ Management/btnEdit' is clicked on

2020-05-29 15:20:54 - [MESSAGE][PASSED] - Object: 'Object Repository/Rizka/FAQ Management/btnEdit' is clicked on

2020-05-29 15:20:54 - [TEST_STEP][PASSED] - atribut1 = getAttribute(findTestObject("Rizka/FAQ Management/inputEditQuestion"), "value"): Attribute 'value' of object 'Object Repository/Rizka/FAQ Management/inputEditQuestion' is: 'Question Edit 2'

2020-05-29 15:20:54 - [MESSAGE][PASSED] - Attribute 'value' of object 'Object Repository/Rizka/FAQ Management/inputEditQuestion' is: 'Question Edit 2'

2020-05-29 15:20:54 - [TEST_STEP][PASSED] - atribut2 = getAttribute(findTestObject("Rizka/FAQ Management/inputEditQuestion"), "value"): Attribute 'value' of object 'Object Repository/Rizka/FAQ Management/inputEditQuestion' is: 'Question Edit 2'

2020-05-29 15:20:55 - [MESSAGE][PASSED] - Attribute 'value' of object 'Object Repository/Rizka/FAQ Management/inputEditQuestion' is: 'Question Edit 2'

2020-05-29 15:20:55 - [TEST_STEP][PASSED] - if (questionAfter == ""): null

2020-05-29 15:20:55 - [TEST_STEP][PASSED] - else: Actual text 'Question Edit 2' and expected text 'Question Edit 2' are matched 

2020-05-29 15:20:55 - [TEST_STEP][PASSED] - verifyMatch(atribut1, questionAfter, false): Actual text 'Question Edit 2' and expected text 'Question Edit 2' are matched 

2020-05-29 15:20:55 - [MESSAGE][PASSED] - Actual text 'Question Edit 2' and expected text 'Question Edit 2' are matched 

2020-05-29 15:20:55 - [TEST_STEP][PASSED] - if (answer == ""): Actual text 'Question Edit 2' and expected text '' are not matched 

2020-05-29 15:20:55 - [TEST_STEP][PASSED] - verifyNotMatch(atribut2, answer, false): Actual text 'Question Edit 2' and expected text '' are not matched 

2020-05-29 15:20:55 - [MESSAGE][PASSED] - Actual text 'Question Edit 2' and expected text '' are not matched]]></system-out>
         <system-err><![CDATA[]]></system-err>
      </testcase>
      <system-out><![CDATA[2020-05-29 15:19:25 - [TEST_SUITE][PASSED] - FAQ Management: Test Cases/Rizka/FAQ Management/FAQ Management - Edit FAQ]]></system-out>
      <system-err><![CDATA[]]></system-err>
   </testsuite>
</testsuites>
