<?xml version="1.0" encoding="UTF-8"?>
<testsuites name="FAQ Management" time="192.011" tests="2" failures="0" errors="0">
   <testsuite name="FAQ Management" tests="2" failures="0" errors="0" time="192.011" timestamp="2020-05-29 00:21:17" hostname="rizkajuliant20 - DESKTOP-NHES7H6" id="Test Suites/Rizka/FAQ Management">
      <properties>
         <property name="deviceName" value=""/>
         <property name="devicePlatform" value=""/>
         <property name="logFolder" value="D:\\MY WORLD\\WORKS (TUGAS)\\HunterCMS\\Reports\\20200529_002056\\Rizka\\FAQ Management\\20200529_002056"/>
         <property name="logFiles" value="D:\\MY WORLD\\WORKS (TUGAS)\\HunterCMS\\Reports\\20200529_002056\\Rizka\\FAQ Management\\20200529_002056\\execution0.log"/>
         <property name="attachments" value=""/>
         <property name="hostName" value="rizkajuliant20 - DESKTOP-NHES7H6"/>
         <property name="os" value="Windows 10 64bit"/>
         <property name="katalonVersion" value="7.2.1.1"/>
         <property name="browser" value="Chrome 81.0.4044.138"/>
         <property name="hostAddress" value="192.168.1.116"/>
         <property name="sessionId" value="20bf987db7dd7ac78f5c72d1e21d87f0"/>
         <property name="seleniumVersion" value="3.141.59"/>
         <property name="proxyInformation" value="ProxyInformation{proxyOption=NO_PROXY, proxyServerType=HTTP, password=, proxyServerAddress=, proxyServerPort=0, executionList=}"/>
         <property name="platform" value="Windows 10"/>
      </properties>
      <testcase name="Test Cases/Rizka/FAQ Management/FAQ Management - Search FAQ" time="102.577" classname="Test Cases/Rizka/FAQ Management/FAQ Management - Search FAQ" status="PASSED">
         <system-out><![CDATA[2020-05-29 00:21:19 - [TEST_CASE][PASSED] - Test Cases/Rizka/FAQ Management/FAQ Management - Search FAQ: Test Cases/Rizka/FAQ Management/FAQ Management - Search FAQ

2020-05-29 00:21:21 - [TEST_STEP][PASSED] - callTestCase(findTestCase("Rizka/MainLogin"), [:], STOP_ON_FAILURE): Call Test Case 'Test Cases/Rizka/MainLogin' successfully

2020-05-29 00:21:22 - [TEST_CASE][PASSED] - Test Cases/Rizka/MainLogin: Test Cases/Rizka/MainLogin

2020-05-29 00:21:23 - [TEST_STEP][PASSED] - openBrowser("https://appsrv1.deltadatamandiri.com/ACC_Hunter_Web/#/S19n1n"): Browser is opened with url: 'https://appsrv1.deltadatamandiri.com/ACC_Hunter_Web/#/S19n1n'

2020-05-29 00:21:24 - [MESSAGE][INFO] - Starting 'Chrome' driver

2020-05-29 00:21:24 - [MESSAGE][INFO] - Action delay is set to 0 seconds

2020-05-29 00:22:10 - [MESSAGE][PASSED] - Browser is opened with url: 'https://appsrv1.deltadatamandiri.com/ACC_Hunter_Web/#/S19n1n'

2020-05-29 00:22:10 - [TEST_STEP][PASSED] - maximizeWindow(): Current window maximized

2020-05-29 00:22:11 - [MESSAGE][PASSED] - Current window maximized

2020-05-29 00:22:11 - [TEST_STEP][PASSED] - delay(15): Delayed 15 second(s)

2020-05-29 00:22:26 - [MESSAGE][PASSED] - Delayed 15 second(s)

2020-05-29 00:22:26 - [TEST_STEP][PASSED] - setText(findTestObject("Rizka/FAQ Management/inputUsername"), "admin@mail.com"): Text 'admin@mail.com' is set on object 'Object Repository/Rizka/FAQ Management/inputUsername'

2020-05-29 00:22:27 - [MESSAGE][PASSED] - Text 'admin@mail.com' is set on object 'Object Repository/Rizka/FAQ Management/inputUsername'

2020-05-29 00:22:27 - [TEST_STEP][PASSED] - setText(findTestObject("Rizka/FAQ Management/inputPassword"), "Password1#"): Text 'Password1#' is set on object 'Object Repository/Rizka/FAQ Management/inputPassword'

2020-05-29 00:22:28 - [MESSAGE][PASSED] - Text 'Password1#' is set on object 'Object Repository/Rizka/FAQ Management/inputPassword'

2020-05-29 00:22:28 - [TEST_STEP][PASSED] - click(findTestObject("Rizka/FAQ Management/btnEyePass")): Object: 'Object Repository/Rizka/FAQ Management/btnEyePass' is clicked on

2020-05-29 00:22:28 - [MESSAGE][PASSED] - Object: 'Object Repository/Rizka/FAQ Management/btnEyePass' is clicked on

2020-05-29 00:22:28 - [TEST_STEP][PASSED] - click(findTestObject("Rizka/FAQ Management/btnSignIn")): Object: 'Object Repository/Rizka/FAQ Management/btnSignIn' is clicked on

2020-05-29 00:22:29 - [MESSAGE][PASSED] - Object: 'Object Repository/Rizka/FAQ Management/btnSignIn' is clicked on

2020-05-29 00:22:29 - [TEST_STEP][PASSED] - delay(10): Delayed 10 second(s)

2020-05-29 00:22:39 - [MESSAGE][PASSED] - Delayed 10 second(s)

2020-05-29 00:22:39 - [MESSAGE][PASSED] - Call Test Case 'Test Cases/Rizka/MainLogin' successfully

2020-05-29 00:22:39 - [TEST_STEP][PASSED] - click(findTestObject("Rizka/FAQ Management/btnFAQManagement")): Object: 'Object Repository/Rizka/FAQ Management/btnFAQManagement' is clicked on

2020-05-29 00:22:45 - [MESSAGE][PASSED] - Object: 'Object Repository/Rizka/FAQ Management/btnFAQManagement' is clicked on

2020-05-29 00:22:45 - [TEST_STEP][PASSED] - delay(7): Delayed 7 second(s)

2020-05-29 00:22:52 - [MESSAGE][PASSED] - Delayed 7 second(s)

2020-05-29 00:22:52 - [TEST_STEP][PASSED] - setText(findTestObject("Rizka/FAQ Management/inputSearchFAQ"), namaFAQ): Text 'Apa itu PEOJF?' is set on object 'Object Repository/Rizka/FAQ Management/inputSearchFAQ'

2020-05-29 00:22:53 - [MESSAGE][PASSED] - Text 'Apa itu PEOJF?' is set on object 'Object Repository/Rizka/FAQ Management/inputSearchFAQ'

2020-05-29 00:22:53 - [TEST_STEP][PASSED] - sendKeys(findTestObject("Rizka/FAQ Management/inputSearchFAQ"), Keys.chord(ENTER)): Keys 'ENTER + ' sent to object: 'Object Repository/Rizka/FAQ Management/inputSearchFAQ'

2020-05-29 00:22:54 - [MESSAGE][PASSED] - Keys 'ENTER + ' sent to object: 'Object Repository/Rizka/FAQ Management/inputSearchFAQ'

2020-05-29 00:22:54 - [TEST_STEP][PASSED] - delay(7): Delayed 7 second(s)

2020-05-29 00:23:01 - [MESSAGE][PASSED] - Delayed 7 second(s)

2020-05-29 00:23:01 - [TEST_STEP][PASSED] - if (condition == "passed"): Text 'Apa itu PEOJF?' is present on page 

2020-05-29 00:23:01 - [TEST_STEP][PASSED] - verifyTextPresent(namaFAQ, false): Text 'Apa itu PEOJF?' is present on page 

2020-05-29 00:23:01 - [MESSAGE][PASSED] - Text 'Apa itu PEOJF?' is present on page]]></system-out>
         <system-err><![CDATA[]]></system-err>
      </testcase>
      <testcase name="Test Cases/Rizka/FAQ Management/FAQ Management - Search FAQ" time="86.039" classname="Test Cases/Rizka/FAQ Management/FAQ Management - Search FAQ" status="PASSED">
         <system-out><![CDATA[2020-05-29 00:23:01 - [TEST_CASE][PASSED] - Test Cases/Rizka/FAQ Management/FAQ Management - Search FAQ: Test Cases/Rizka/FAQ Management/FAQ Management - Search FAQ

2020-05-29 00:23:01 - [TEST_STEP][PASSED] - callTestCase(findTestCase("Rizka/MainLogin"), [:], STOP_ON_FAILURE): Call Test Case 'Test Cases/Rizka/MainLogin' successfully

2020-05-29 00:23:02 - [TEST_CASE][PASSED] - Test Cases/Rizka/MainLogin: Test Cases/Rizka/MainLogin

2020-05-29 00:23:02 - [TEST_STEP][PASSED] - openBrowser("https://appsrv1.deltadatamandiri.com/ACC_Hunter_Web/#/S19n1n"): Browser is opened with url: 'https://appsrv1.deltadatamandiri.com/ACC_Hunter_Web/#/S19n1n'

2020-05-29 00:23:02 - [MESSAGE][WARNING] - A browser is already opened. Closing browser and opening a new one

2020-05-29 00:23:03 - [MESSAGE][INFO] - Starting 'Chrome' driver

2020-05-29 00:23:38 - [MESSAGE][PASSED] - Browser is opened with url: 'https://appsrv1.deltadatamandiri.com/ACC_Hunter_Web/#/S19n1n'

2020-05-29 00:23:38 - [TEST_STEP][PASSED] - maximizeWindow(): Current window maximized

2020-05-29 00:23:40 - [MESSAGE][PASSED] - Current window maximized

2020-05-29 00:23:40 - [TEST_STEP][PASSED] - delay(15): Delayed 15 second(s)

2020-05-29 00:23:55 - [MESSAGE][PASSED] - Delayed 15 second(s)

2020-05-29 00:23:55 - [TEST_STEP][PASSED] - setText(findTestObject("Rizka/FAQ Management/inputUsername"), "admin@mail.com"): Text 'admin@mail.com' is set on object 'Object Repository/Rizka/FAQ Management/inputUsername'

2020-05-29 00:23:56 - [MESSAGE][PASSED] - Text 'admin@mail.com' is set on object 'Object Repository/Rizka/FAQ Management/inputUsername'

2020-05-29 00:23:56 - [TEST_STEP][PASSED] - setText(findTestObject("Rizka/FAQ Management/inputPassword"), "Password1#"): Text 'Password1#' is set on object 'Object Repository/Rizka/FAQ Management/inputPassword'

2020-05-29 00:23:56 - [MESSAGE][PASSED] - Text 'Password1#' is set on object 'Object Repository/Rizka/FAQ Management/inputPassword'

2020-05-29 00:23:56 - [TEST_STEP][PASSED] - click(findTestObject("Rizka/FAQ Management/btnEyePass")): Object: 'Object Repository/Rizka/FAQ Management/btnEyePass' is clicked on

2020-05-29 00:23:57 - [MESSAGE][PASSED] - Object: 'Object Repository/Rizka/FAQ Management/btnEyePass' is clicked on

2020-05-29 00:23:57 - [TEST_STEP][PASSED] - click(findTestObject("Rizka/FAQ Management/btnSignIn")): Object: 'Object Repository/Rizka/FAQ Management/btnSignIn' is clicked on

2020-05-29 00:23:58 - [MESSAGE][PASSED] - Object: 'Object Repository/Rizka/FAQ Management/btnSignIn' is clicked on

2020-05-29 00:23:58 - [TEST_STEP][PASSED] - delay(10): Delayed 10 second(s)

2020-05-29 00:24:08 - [MESSAGE][PASSED] - Delayed 10 second(s)

2020-05-29 00:24:08 - [MESSAGE][PASSED] - Call Test Case 'Test Cases/Rizka/MainLogin' successfully

2020-05-29 00:24:08 - [TEST_STEP][PASSED] - click(findTestObject("Rizka/FAQ Management/btnFAQManagement")): Object: 'Object Repository/Rizka/FAQ Management/btnFAQManagement' is clicked on

2020-05-29 00:24:12 - [MESSAGE][PASSED] - Object: 'Object Repository/Rizka/FAQ Management/btnFAQManagement' is clicked on

2020-05-29 00:24:12 - [TEST_STEP][PASSED] - delay(7): Delayed 7 second(s)

2020-05-29 00:24:19 - [MESSAGE][PASSED] - Delayed 7 second(s)

2020-05-29 00:24:19 - [TEST_STEP][PASSED] - setText(findTestObject("Rizka/FAQ Management/inputSearchFAQ"), namaFAQ): Text 'ABC LIMA DASAR' is set on object 'Object Repository/Rizka/FAQ Management/inputSearchFAQ'

2020-05-29 00:24:19 - [MESSAGE][PASSED] - Text 'ABC LIMA DASAR' is set on object 'Object Repository/Rizka/FAQ Management/inputSearchFAQ'

2020-05-29 00:24:19 - [TEST_STEP][PASSED] - sendKeys(findTestObject("Rizka/FAQ Management/inputSearchFAQ"), Keys.chord(ENTER)): Keys 'ENTER + ' sent to object: 'Object Repository/Rizka/FAQ Management/inputSearchFAQ'

2020-05-29 00:24:20 - [MESSAGE][PASSED] - Keys 'ENTER + ' sent to object: 'Object Repository/Rizka/FAQ Management/inputSearchFAQ'

2020-05-29 00:24:20 - [TEST_STEP][PASSED] - delay(7): Delayed 7 second(s)

2020-05-29 00:24:27 - [MESSAGE][PASSED] - Delayed 7 second(s)

2020-05-29 00:24:27 - [TEST_STEP][PASSED] - if (condition == "passed"): null

2020-05-29 00:24:27 - [TEST_STEP][PASSED] - else: Text 'ABC LIMA DASAR' is not present on page

2020-05-29 00:24:27 - [TEST_STEP][PASSED] - verifyTextNotPresent(namaFAQ, false): Text 'ABC LIMA DASAR' is not present on page

2020-05-29 00:24:27 - [MESSAGE][PASSED] - Text 'ABC LIMA DASAR' is not present on page]]></system-out>
         <system-err><![CDATA[]]></system-err>
      </testcase>
      <system-out><![CDATA[2020-05-29 00:21:17 - [TEST_SUITE][PASSED] - FAQ Management: Test Cases/Rizka/FAQ Management/FAQ Management - Search FAQ]]></system-out>
      <system-err><![CDATA[]]></system-err>
   </testsuite>
</testsuites>
