<?xml version="1.0" encoding="UTF-8"?>
<testsuites name="FAQ Management" time="208.803" tests="2" failures="0" errors="0">
   <testsuite name="FAQ Management" tests="2" failures="0" errors="0" time="208.803" timestamp="2020-05-28 19:38:36" hostname="rizkajuliant20 - DESKTOP-NHES7H6" id="Test Suites/Rizka/FAQ Management">
      <properties>
         <property name="deviceName" value=""/>
         <property name="devicePlatform" value=""/>
         <property name="logFolder" value="D:\\MY WORLD\\WORKS (TUGAS)\\HunterCMS\\Reports\\20200528_193821\\Rizka\\FAQ Management\\20200528_193821"/>
         <property name="logFiles" value="D:\\MY WORLD\\WORKS (TUGAS)\\HunterCMS\\Reports\\20200528_193821\\Rizka\\FAQ Management\\20200528_193821\\execution0.log"/>
         <property name="attachments" value=""/>
         <property name="hostName" value="rizkajuliant20 - DESKTOP-NHES7H6"/>
         <property name="os" value="Windows 10 64bit"/>
         <property name="katalonVersion" value="7.2.1.1"/>
         <property name="browser" value="Chrome 81.0.4044.138"/>
         <property name="hostAddress" value="192.168.1.116"/>
         <property name="sessionId" value="15106fba3ad80822647c546456ca5910"/>
         <property name="seleniumVersion" value="3.141.59"/>
         <property name="proxyInformation" value="ProxyInformation{proxyOption=NO_PROXY, proxyServerType=HTTP, password=, proxyServerAddress=, proxyServerPort=0, executionList=}"/>
         <property name="platform" value="Windows 10"/>
      </properties>
      <testcase name="Test Cases/Rizka/FAQ Management/FAQ Management - Delete FAQ" time="112.431" classname="Test Cases/Rizka/FAQ Management/FAQ Management - Delete FAQ" status="PASSED">
         <system-out><![CDATA[2020-05-28 19:38:37 - [TEST_CASE][PASSED] - Test Cases/Rizka/FAQ Management/FAQ Management - Delete FAQ: Test Cases/Rizka/FAQ Management/FAQ Management - Delete FAQ

2020-05-28 19:38:38 - [TEST_STEP][PASSED] - callTestCase(findTestCase("Rizka/MainLogin"), [:], STOP_ON_FAILURE): Call Test Case 'Test Cases/Rizka/MainLogin' successfully

2020-05-28 19:38:39 - [TEST_CASE][PASSED] - Test Cases/Rizka/MainLogin: Test Cases/Rizka/MainLogin

2020-05-28 19:38:39 - [TEST_STEP][PASSED] - openBrowser("https://appsrv1.deltadatamandiri.com/ACC_Hunter_Web/#/S19n1n"): Browser is opened with url: 'https://appsrv1.deltadatamandiri.com/ACC_Hunter_Web/#/S19n1n'

2020-05-28 19:38:39 - [MESSAGE][INFO] - Starting 'Chrome' driver

2020-05-28 19:38:40 - [MESSAGE][INFO] - Action delay is set to 0 seconds

2020-05-28 19:39:21 - [MESSAGE][PASSED] - Browser is opened with url: 'https://appsrv1.deltadatamandiri.com/ACC_Hunter_Web/#/S19n1n'

2020-05-28 19:39:21 - [TEST_STEP][PASSED] - maximizeWindow(): Current window maximized

2020-05-28 19:39:22 - [MESSAGE][PASSED] - Current window maximized

2020-05-28 19:39:22 - [TEST_STEP][PASSED] - delay(15): Delayed 15 second(s)

2020-05-28 19:39:37 - [MESSAGE][PASSED] - Delayed 15 second(s)

2020-05-28 19:39:37 - [TEST_STEP][PASSED] - setText(findTestObject("Rizka/FAQ Management/inputUsername"), "admin@mail.com"): Text 'admin@mail.com' is set on object 'Object Repository/Rizka/FAQ Management/inputUsername'

2020-05-28 19:39:38 - [MESSAGE][PASSED] - Text 'admin@mail.com' is set on object 'Object Repository/Rizka/FAQ Management/inputUsername'

2020-05-28 19:39:38 - [TEST_STEP][PASSED] - setText(findTestObject("Rizka/FAQ Management/inputPassword"), "Password1#"): Text 'Password1#' is set on object 'Object Repository/Rizka/FAQ Management/inputPassword'

2020-05-28 19:39:39 - [MESSAGE][PASSED] - Text 'Password1#' is set on object 'Object Repository/Rizka/FAQ Management/inputPassword'

2020-05-28 19:39:39 - [TEST_STEP][PASSED] - click(findTestObject("Rizka/FAQ Management/btnEyePass")): Object: 'Object Repository/Rizka/FAQ Management/btnEyePass' is clicked on

2020-05-28 19:39:39 - [MESSAGE][PASSED] - Object: 'Object Repository/Rizka/FAQ Management/btnEyePass' is clicked on

2020-05-28 19:39:39 - [TEST_STEP][PASSED] - click(findTestObject("Rizka/FAQ Management/btnSignIn")): Object: 'Object Repository/Rizka/FAQ Management/btnSignIn' is clicked on

2020-05-28 19:39:40 - [MESSAGE][PASSED] - Object: 'Object Repository/Rizka/FAQ Management/btnSignIn' is clicked on

2020-05-28 19:39:40 - [TEST_STEP][PASSED] - delay(10): Delayed 10 second(s)

2020-05-28 19:39:50 - [MESSAGE][PASSED] - Delayed 10 second(s)

2020-05-28 19:39:50 - [MESSAGE][PASSED] - Call Test Case 'Test Cases/Rizka/MainLogin' successfully

2020-05-28 19:39:50 - [TEST_STEP][PASSED] - click(findTestObject("Rizka/FAQ Management/btnFAQManagement")): Object: 'Object Repository/Rizka/FAQ Management/btnFAQManagement' is clicked on

2020-05-28 19:39:57 - [MESSAGE][PASSED] - Object: 'Object Repository/Rizka/FAQ Management/btnFAQManagement' is clicked on

2020-05-28 19:39:57 - [TEST_STEP][PASSED] - delay(7): Delayed 7 second(s)

2020-05-28 19:40:04 - [MESSAGE][PASSED] - Delayed 7 second(s)

2020-05-28 19:40:04 - [TEST_STEP][PASSED] - setText(findTestObject("Rizka/FAQ Management/inputSearchFAQ"), namaFAQ): Text 'FAQ1' is set on object 'Object Repository/Rizka/FAQ Management/inputSearchFAQ'

2020-05-28 19:40:04 - [MESSAGE][PASSED] - Text 'FAQ1' is set on object 'Object Repository/Rizka/FAQ Management/inputSearchFAQ'

2020-05-28 19:40:04 - [TEST_STEP][PASSED] - sendKeys(findTestObject("Rizka/FAQ Management/inputSearchFAQ"), Keys.chord(ENTER)): Keys 'ENTER + ' sent to object: 'Object Repository/Rizka/FAQ Management/inputSearchFAQ'

2020-05-28 19:40:05 - [MESSAGE][PASSED] - Keys 'ENTER + ' sent to object: 'Object Repository/Rizka/FAQ Management/inputSearchFAQ'

2020-05-28 19:40:05 - [TEST_STEP][PASSED] - delay(7): Delayed 7 second(s)

2020-05-28 19:40:12 - [MESSAGE][PASSED] - Delayed 7 second(s)

2020-05-28 19:40:12 - [TEST_STEP][PASSED] - click(findTestObject("Rizka/FAQ Management/btnSettings")): Object: 'Object Repository/Rizka/FAQ Management/btnSettings' is clicked on

2020-05-28 19:40:12 - [MESSAGE][PASSED] - Object: 'Object Repository/Rizka/FAQ Management/btnSettings' is clicked on

2020-05-28 19:40:12 - [TEST_STEP][PASSED] - if (condition == "passed"): null

2020-05-28 19:40:12 - [TEST_STEP][PASSED] - else: Web element with id: 'Object Repository/Rizka/FAQ Management/alertNotFound' located by 'By.xpath: //div[@class = 'no-data-msg' and (text() = 'No data found' or . = 'No data found')]' is not present after '30' second(s)

2020-05-28 19:40:12 - [TEST_STEP][PASSED] - click(findTestObject("Rizka/FAQ Management/btnDelete")): Object: 'Object Repository/Rizka/FAQ Management/btnDelete' is clicked on

2020-05-28 19:40:13 - [MESSAGE][PASSED] - Object: 'Object Repository/Rizka/FAQ Management/btnDelete' is clicked on

2020-05-28 19:40:13 - [TEST_STEP][PASSED] - delay(3): Delayed 3 second(s)

2020-05-28 19:40:16 - [MESSAGE][PASSED] - Delayed 3 second(s)

2020-05-28 19:40:16 - [TEST_STEP][PASSED] - click(findTestObject("Rizka/FAQ Management/btnCancelHapus")): Object: 'Object Repository/Rizka/FAQ Management/btnCancelHapus' is clicked on

2020-05-28 19:40:17 - [MESSAGE][PASSED] - Object: 'Object Repository/Rizka/FAQ Management/btnCancelHapus' is clicked on

2020-05-28 19:40:17 - [TEST_STEP][PASSED] - delay(5): Delayed 5 second(s)

2020-05-28 19:40:22 - [MESSAGE][PASSED] - Delayed 5 second(s)

2020-05-28 19:40:22 - [TEST_STEP][PASSED] - setText(findTestObject("Rizka/FAQ Management/inputSearchFAQ"), ""): Text '' is set on object 'Object Repository/Rizka/FAQ Management/inputSearchFAQ'

2020-05-28 19:40:23 - [MESSAGE][PASSED] - Text '' is set on object 'Object Repository/Rizka/FAQ Management/inputSearchFAQ'

2020-05-28 19:40:23 - [TEST_STEP][PASSED] - sendKeys(findTestObject("Rizka/FAQ Management/inputSearchFAQ"), Keys.chord(ENTER)): Keys 'ENTER + ' sent to object: 'Object Repository/Rizka/FAQ Management/inputSearchFAQ'

2020-05-28 19:40:23 - [MESSAGE][PASSED] - Keys 'ENTER + ' sent to object: 'Object Repository/Rizka/FAQ Management/inputSearchFAQ'

2020-05-28 19:40:23 - [TEST_STEP][PASSED] - setText(findTestObject("Rizka/FAQ Management/inputSearchFAQ"), namaFAQ): Text 'FAQ1' is set on object 'Object Repository/Rizka/FAQ Management/inputSearchFAQ'

2020-05-28 19:40:26 - [MESSAGE][PASSED] - Text 'FAQ1' is set on object 'Object Repository/Rizka/FAQ Management/inputSearchFAQ'

2020-05-28 19:40:26 - [TEST_STEP][PASSED] - sendKeys(findTestObject("Rizka/FAQ Management/inputSearchFAQ"), Keys.chord(ENTER)): Keys 'ENTER + ' sent to object: 'Object Repository/Rizka/FAQ Management/inputSearchFAQ'

2020-05-28 19:40:27 - [MESSAGE][PASSED] - Keys 'ENTER + ' sent to object: 'Object Repository/Rizka/FAQ Management/inputSearchFAQ'

2020-05-28 19:40:27 - [TEST_STEP][PASSED] - verifyElementNotPresent(findTestObject("Rizka/FAQ Management/alertNotFound"), 0): Web element with id: 'Object Repository/Rizka/FAQ Management/alertNotFound' located by 'By.xpath: //div[@class = 'no-data-msg' and (text() = 'No data found' or . = 'No data found')]' is not present after '30' second(s)

2020-05-28 19:40:27 - [MESSAGE][WARNING] - Timeout '0' is invalid. Using default page load timeout: '30'

2020-05-28 19:40:30 - [MESSAGE][PASSED] - Web element with id: 'Object Repository/Rizka/FAQ Management/alertNotFound' located by 'By.xpath: //div[@class = 'no-data-msg' and (text() = 'No data found' or . = 'No data found')]' is not present after '30' second(s)]]></system-out>
         <system-err><![CDATA[]]></system-err>
      </testcase>
      <testcase name="Test Cases/Rizka/FAQ Management/FAQ Management - Delete FAQ" time="93.937" classname="Test Cases/Rizka/FAQ Management/FAQ Management - Delete FAQ" status="PASSED">
         <system-out><![CDATA[2020-05-28 19:40:30 - [TEST_CASE][PASSED] - Test Cases/Rizka/FAQ Management/FAQ Management - Delete FAQ: Test Cases/Rizka/FAQ Management/FAQ Management - Delete FAQ

2020-05-28 19:40:30 - [TEST_STEP][PASSED] - callTestCase(findTestCase("Rizka/MainLogin"), [:], STOP_ON_FAILURE): Call Test Case 'Test Cases/Rizka/MainLogin' successfully

2020-05-28 19:40:30 - [TEST_CASE][PASSED] - Test Cases/Rizka/MainLogin: Test Cases/Rizka/MainLogin

2020-05-28 19:40:30 - [TEST_STEP][PASSED] - openBrowser("https://appsrv1.deltadatamandiri.com/ACC_Hunter_Web/#/S19n1n"): Browser is opened with url: 'https://appsrv1.deltadatamandiri.com/ACC_Hunter_Web/#/S19n1n'

2020-05-28 19:40:30 - [MESSAGE][WARNING] - A browser is already opened. Closing browser and opening a new one

2020-05-28 19:40:31 - [MESSAGE][INFO] - Starting 'Chrome' driver

2020-05-28 19:40:55 - [MESSAGE][PASSED] - Browser is opened with url: 'https://appsrv1.deltadatamandiri.com/ACC_Hunter_Web/#/S19n1n'

2020-05-28 19:40:55 - [TEST_STEP][PASSED] - maximizeWindow(): Current window maximized

2020-05-28 19:40:56 - [MESSAGE][PASSED] - Current window maximized

2020-05-28 19:40:56 - [TEST_STEP][PASSED] - delay(15): Delayed 15 second(s)

2020-05-28 19:41:11 - [MESSAGE][PASSED] - Delayed 15 second(s)

2020-05-28 19:41:11 - [TEST_STEP][PASSED] - setText(findTestObject("Rizka/FAQ Management/inputUsername"), "admin@mail.com"): Text 'admin@mail.com' is set on object 'Object Repository/Rizka/FAQ Management/inputUsername'

2020-05-28 19:41:12 - [MESSAGE][PASSED] - Text 'admin@mail.com' is set on object 'Object Repository/Rizka/FAQ Management/inputUsername'

2020-05-28 19:41:12 - [TEST_STEP][PASSED] - setText(findTestObject("Rizka/FAQ Management/inputPassword"), "Password1#"): Text 'Password1#' is set on object 'Object Repository/Rizka/FAQ Management/inputPassword'

2020-05-28 19:41:13 - [MESSAGE][PASSED] - Text 'Password1#' is set on object 'Object Repository/Rizka/FAQ Management/inputPassword'

2020-05-28 19:41:13 - [TEST_STEP][PASSED] - click(findTestObject("Rizka/FAQ Management/btnEyePass")): Object: 'Object Repository/Rizka/FAQ Management/btnEyePass' is clicked on

2020-05-28 19:41:13 - [MESSAGE][PASSED] - Object: 'Object Repository/Rizka/FAQ Management/btnEyePass' is clicked on

2020-05-28 19:41:14 - [TEST_STEP][PASSED] - click(findTestObject("Rizka/FAQ Management/btnSignIn")): Object: 'Object Repository/Rizka/FAQ Management/btnSignIn' is clicked on

2020-05-28 19:41:14 - [MESSAGE][PASSED] - Object: 'Object Repository/Rizka/FAQ Management/btnSignIn' is clicked on

2020-05-28 19:41:14 - [TEST_STEP][PASSED] - delay(10): Delayed 10 second(s)

2020-05-28 19:41:24 - [MESSAGE][PASSED] - Delayed 10 second(s)

2020-05-28 19:41:24 - [MESSAGE][PASSED] - Call Test Case 'Test Cases/Rizka/MainLogin' successfully

2020-05-28 19:41:24 - [TEST_STEP][PASSED] - click(findTestObject("Rizka/FAQ Management/btnFAQManagement")): Object: 'Object Repository/Rizka/FAQ Management/btnFAQManagement' is clicked on

2020-05-28 19:41:31 - [MESSAGE][PASSED] - Object: 'Object Repository/Rizka/FAQ Management/btnFAQManagement' is clicked on

2020-05-28 19:41:31 - [TEST_STEP][PASSED] - delay(7): Delayed 7 second(s)

2020-05-28 19:41:38 - [MESSAGE][PASSED] - Delayed 7 second(s)

2020-05-28 19:41:38 - [TEST_STEP][PASSED] - setText(findTestObject("Rizka/FAQ Management/inputSearchFAQ"), namaFAQ): Text 'FAQ2' is set on object 'Object Repository/Rizka/FAQ Management/inputSearchFAQ'

2020-05-28 19:41:39 - [MESSAGE][PASSED] - Text 'FAQ2' is set on object 'Object Repository/Rizka/FAQ Management/inputSearchFAQ'

2020-05-28 19:41:39 - [TEST_STEP][PASSED] - sendKeys(findTestObject("Rizka/FAQ Management/inputSearchFAQ"), Keys.chord(ENTER)): Keys 'ENTER + ' sent to object: 'Object Repository/Rizka/FAQ Management/inputSearchFAQ'

2020-05-28 19:41:40 - [MESSAGE][PASSED] - Keys 'ENTER + ' sent to object: 'Object Repository/Rizka/FAQ Management/inputSearchFAQ'

2020-05-28 19:41:40 - [TEST_STEP][PASSED] - delay(7): Delayed 7 second(s)

2020-05-28 19:41:47 - [MESSAGE][PASSED] - Delayed 7 second(s)

2020-05-28 19:41:47 - [TEST_STEP][PASSED] - click(findTestObject("Rizka/FAQ Management/btnSettings")): Object: 'Object Repository/Rizka/FAQ Management/btnSettings' is clicked on

2020-05-28 19:41:47 - [MESSAGE][PASSED] - Object: 'Object Repository/Rizka/FAQ Management/btnSettings' is clicked on

2020-05-28 19:41:47 - [TEST_STEP][PASSED] - if (condition == "passed"): Object 'Object Repository/Rizka/FAQ Management/alertNotFound' is present

2020-05-28 19:41:47 - [TEST_STEP][PASSED] - click(findTestObject("Rizka/FAQ Management/btnDelete")): Object: 'Object Repository/Rizka/FAQ Management/btnDelete' is clicked on

2020-05-28 19:41:48 - [MESSAGE][PASSED] - Object: 'Object Repository/Rizka/FAQ Management/btnDelete' is clicked on

2020-05-28 19:41:48 - [TEST_STEP][PASSED] - delay(3): Delayed 3 second(s)

2020-05-28 19:41:51 - [MESSAGE][PASSED] - Delayed 3 second(s)

2020-05-28 19:41:51 - [TEST_STEP][PASSED] - click(findTestObject("Rizka/FAQ Management/btnHapus")): Object: 'Object Repository/Rizka/FAQ Management/btnHapus' is clicked on

2020-05-28 19:41:52 - [MESSAGE][PASSED] - Object: 'Object Repository/Rizka/FAQ Management/btnHapus' is clicked on

2020-05-28 19:41:52 - [TEST_STEP][PASSED] - delay(5): Delayed 5 second(s)

2020-05-28 19:41:57 - [MESSAGE][PASSED] - Delayed 5 second(s)

2020-05-28 19:41:57 - [TEST_STEP][PASSED] - setText(findTestObject("Rizka/FAQ Management/inputSearchFAQ"), ""): Text '' is set on object 'Object Repository/Rizka/FAQ Management/inputSearchFAQ'

2020-05-28 19:41:57 - [MESSAGE][PASSED] - Text '' is set on object 'Object Repository/Rizka/FAQ Management/inputSearchFAQ'

2020-05-28 19:41:57 - [TEST_STEP][PASSED] - sendKeys(findTestObject("Rizka/FAQ Management/inputSearchFAQ"), Keys.chord(ENTER)): Keys 'ENTER + ' sent to object: 'Object Repository/Rizka/FAQ Management/inputSearchFAQ'

2020-05-28 19:41:57 - [MESSAGE][PASSED] - Keys 'ENTER + ' sent to object: 'Object Repository/Rizka/FAQ Management/inputSearchFAQ'

2020-05-28 19:41:57 - [TEST_STEP][PASSED] - setText(findTestObject("Rizka/FAQ Management/inputSearchFAQ"), namaFAQ): Text 'FAQ2' is set on object 'Object Repository/Rizka/FAQ Management/inputSearchFAQ'

2020-05-28 19:42:01 - [MESSAGE][PASSED] - Text 'FAQ2' is set on object 'Object Repository/Rizka/FAQ Management/inputSearchFAQ'

2020-05-28 19:42:01 - [TEST_STEP][PASSED] - sendKeys(findTestObject("Rizka/FAQ Management/inputSearchFAQ"), Keys.chord(ENTER)): Keys 'ENTER + ' sent to object: 'Object Repository/Rizka/FAQ Management/inputSearchFAQ'

2020-05-28 19:42:01 - [MESSAGE][PASSED] - Keys 'ENTER + ' sent to object: 'Object Repository/Rizka/FAQ Management/inputSearchFAQ'

2020-05-28 19:42:01 - [TEST_STEP][PASSED] - verifyElementPresent(findTestObject("Rizka/FAQ Management/alertNotFound"), 0): Object 'Object Repository/Rizka/FAQ Management/alertNotFound' is present

2020-05-28 19:42:01 - [MESSAGE][WARNING] - Timeout '0' is invalid. Using default page load timeout: '30'

2020-05-28 19:42:04 - [MESSAGE][PASSED] - Object 'Object Repository/Rizka/FAQ Management/alertNotFound' is present]]></system-out>
         <system-err><![CDATA[]]></system-err>
      </testcase>
      <system-out><![CDATA[2020-05-28 19:38:36 - [TEST_SUITE][PASSED] - FAQ Management: Test Cases/Rizka/FAQ Management/FAQ Management - Delete FAQ]]></system-out>
      <system-err><![CDATA[]]></system-err>
   </testsuite>
</testsuites>
